  [1m[35m (2.1ms)[0m  [1m[35mCREATE TABLE "schema_migrations" ("version" varchar NOT NULL PRIMARY KEY)[0m
  [1m[35m (1.2ms)[0m  [1m[35mCREATE TABLE "ar_internal_metadata" ("key" varchar NOT NULL PRIMARY KEY, "value" varchar, "created_at" datetime NOT NULL, "updated_at" datetime NOT NULL)[0m
  [1m[36mActiveRecord::SchemaMigration Load (0.1ms)[0m  [1m[34mSELECT "schema_migrations".* FROM "schema_migrations"[0m
Migrating to CreateInstructors (20200227214620)
  [1m[35m (0.0ms)[0m  [1m[36mbegin transaction[0m
  [1m[35m (0.4ms)[0m  [1m[35mCREATE TABLE "instructors" ("id" INTEGER PRIMARY KEY AUTOINCREMENT NOT NULL, "name" varchar, "created_at" datetime NOT NULL, "updated_at" datetime NOT NULL)[0m
  [1m[35mSQL (0.2ms)[0m  [1m[32mINSERT INTO "schema_migrations" ("version") VALUES (?)[0m  [["version", "20200227214620"]]
  [1m[35m (1.1ms)[0m  [1m[36mcommit transaction[0m
Migrating to CreateStudents (20200227214754)
  [1m[35m (0.0ms)[0m  [1m[36mbegin transaction[0m
  [1m[35m (0.3ms)[0m  [1m[35mCREATE TABLE "students" ("id" INTEGER PRIMARY KEY AUTOINCREMENT NOT NULL, "name" varchar, "major" varchar, "age" integer, "instructor_id" integer, "created_at" datetime NOT NULL, "updated_at" datetime NOT NULL)[0m
  [1m[35mSQL (0.1ms)[0m  [1m[32mINSERT INTO "schema_migrations" ("version") VALUES (?)[0m  [["version", "20200227214754"]]
  [1m[35m (1.1ms)[0m  [1m[36mcommit transaction[0m
  [1m[36mActiveRecord::InternalMetadata Load (0.1ms)[0m  [1m[34mSELECT  "ar_internal_metadata".* FROM "ar_internal_metadata" WHERE "ar_internal_metadata"."key" = ? LIMIT ?[0m  [["key", "environment"], ["LIMIT", 1]]
  [1m[35m (0.0ms)[0m  [1m[36mbegin transaction[0m
  [1m[35mSQL (0.4ms)[0m  [1m[32mINSERT INTO "ar_internal_metadata" ("key", "value", "created_at", "updated_at") VALUES (?, ?, ?, ?)[0m  [["key", "environment"], ["value", "development"], ["created_at", "2020-02-27 21:48:40.326162"], ["updated_at", "2020-02-27 21:48:40.326162"]]
  [1m[35m (0.8ms)[0m  [1m[36mcommit transaction[0m
  [1m[36mActiveRecord::SchemaMigration Load (0.1ms)[0m  [1m[34mSELECT "schema_migrations".* FROM "schema_migrations"[0m
  [1m[36mActiveRecord::SchemaMigration Load (0.2ms)[0m  [1m[34mSELECT "schema_migrations".* FROM "schema_migrations"[0m
  [1m[36mInstructor Load (0.1ms)[0m  [1m[34mSELECT "instructors".* FROM "instructors"[0m
  [1m[36mStudent Load (0.1ms)[0m  [1m[34mSELECT "students".* FROM "students"[0m
  [1m[35m (0.0ms)[0m  [1m[36mbegin transaction[0m
  [1m[35mSQL (0.4ms)[0m  [1m[32mINSERT INTO "instructors" ("name", "created_at", "updated_at") VALUES (?, ?, ?)[0m  [["name", "Vidhi"], ["created_at", "2020-02-27 21:57:29.960377"], ["updated_at", "2020-02-27 21:57:29.960377"]]
  [1m[35m (1.2ms)[0m  [1m[36mcommit transaction[0m
  [1m[35m (0.0ms)[0m  [1m[36mbegin transaction[0m
  [1m[35mSQL (0.3ms)[0m  [1m[32mINSERT INTO "instructors" ("name", "created_at", "updated_at") VALUES (?, ?, ?)[0m  [["name", "Raul"], ["created_at", "2020-02-27 21:57:29.963196"], ["updated_at", "2020-02-27 21:57:29.963196"]]
  [1m[35m (1.1ms)[0m  [1m[36mcommit transaction[0m
  [1m[35m (0.0ms)[0m  [1m[36mbegin transaction[0m
  [1m[35mSQL (0.5ms)[0m  [1m[32mINSERT INTO "instructors" ("name", "created_at", "updated_at") VALUES (?, ?, ?)[0m  [["name", "Steven"], ["created_at", "2020-02-27 21:57:29.965476"], ["updated_at", "2020-02-27 21:57:29.965476"]]
  [1m[35m (1.0ms)[0m  [1m[36mcommit transaction[0m
  [1m[35m (0.0ms)[0m  [1m[36mbegin transaction[0m
  [1m[35mSQL (0.3ms)[0m  [1m[32mINSERT INTO "students" ("name", "major", "age", "instructor_id", "created_at", "updated_at") VALUES (?, ?, ?, ?, ?, ?)[0m  [["name", "Paul"], ["major", "SE"], ["age", 25], ["instructor_id", 1], ["created_at", "2020-02-27 21:57:29.980294"], ["updated_at", "2020-02-27 21:57:29.980294"]]
  [1m[35m (0.9ms)[0m  [1m[36mcommit transaction[0m
  [1m[35m (0.0ms)[0m  [1m[36mbegin transaction[0m
  [1m[35mSQL (0.3ms)[0m  [1m[32mINSERT INTO "students" ("name", "major", "age", "instructor_id", "created_at", "updated_at") VALUES (?, ?, ?, ?, ?, ?)[0m  [["name", "Stephen"], ["major", "SE"], ["age", 25], ["instructor_id", 2], ["created_at", "2020-02-27 21:57:29.982628"], ["updated_at", "2020-02-27 21:57:29.982628"]]
  [1m[35m (0.7ms)[0m  [1m[36mcommit transaction[0m
  [1m[35m (0.0ms)[0m  [1m[36mbegin transaction[0m
  [1m[35mSQL (0.3ms)[0m  [1m[32mINSERT INTO "students" ("name", "major", "age", "instructor_id", "created_at", "updated_at") VALUES (?, ?, ?, ?, ?, ?)[0m  [["name", "Blake"], ["major", "SE"], ["age", 25], ["instructor_id", 3], ["created_at", "2020-02-27 21:57:29.984589"], ["updated_at", "2020-02-27 21:57:29.984589"]]
  [1m[35m (0.8ms)[0m  [1m[36mcommit transaction[0m
  [1m[35m (0.0ms)[0m  [1m[36mbegin transaction[0m
  [1m[35mSQL (0.3ms)[0m  [1m[32mINSERT INTO "students" ("name", "major", "age", "instructor_id", "created_at", "updated_at") VALUES (?, ?, ?, ?, ?, ?)[0m  [["name", "Cornelius"], ["major", "SE"], ["age", 25], ["instructor_id", 1], ["created_at", "2020-02-27 21:57:29.986590"], ["updated_at", "2020-02-27 21:57:29.986590"]]
  [1m[35m (0.7ms)[0m  [1m[36mcommit transaction[0m
  [1m[35m (0.0ms)[0m  [1m[36mbegin transaction[0m
  [1m[35mSQL (0.4ms)[0m  [1m[32mINSERT INTO "students" ("name", "major", "age", "instructor_id", "created_at", "updated_at") VALUES (?, ?, ?, ?, ?, ?)[0m  [["name", "Mitchell"], ["major", "SE"], ["age", 25], ["instructor_id", 2], ["created_at", "2020-02-27 21:57:29.988502"], ["updated_at", "2020-02-27 21:57:29.988502"]]
  [1m[35m (1.1ms)[0m  [1m[36mcommit transaction[0m
  [1m[35m (0.0ms)[0m  [1m[36mbegin transaction[0m
  [1m[35mSQL (0.3ms)[0m  [1m[32mINSERT INTO "students" ("name", "major", "age", "instructor_id", "created_at", "updated_at") VALUES (?, ?, ?, ?, ?, ?)[0m  [["name", "Anam"], ["major", "SE"], ["age", 25], ["instructor_id", 3], ["created_at", "2020-02-27 21:57:29.991335"], ["updated_at", "2020-02-27 21:57:29.991335"]]
  [1m[35m (0.8ms)[0m  [1m[36mcommit transaction[0m
  [1m[36mStudent Load (2.8ms)[0m  [1m[34mSELECT "students".* FROM "students"[0m
  [1m[36mStudent Load (0.2ms)[0m  [1m[34mSELECT  "students".* FROM "students" ORDER BY "students"."id" ASC LIMIT ?[0m  [["LIMIT", 1]]
  [1m[36mInstructor Load (0.1ms)[0m  [1m[34mSELECT  "instructors".* FROM "instructors" WHERE "instructors"."id" = ? LIMIT ?[0m  [["id", 1], ["LIMIT", 1]]
Started GET "/instructors" for ::1 at 2020-02-27 16:06:14 -0600
  [1m[36mActiveRecord::SchemaMigration Load (0.1ms)[0m  [1m[34mSELECT "schema_migrations".* FROM "schema_migrations"[0m
Processing by InstructorsController#index as HTML
  Rendering instructors/index.html.erb within layouts/application
  [1m[36mInstructor Load (0.1ms)[0m  [1m[34mSELECT "instructors".* FROM "instructors"[0m
  Rendered instructors/index.html.erb within layouts/application (9.5ms)
Completed 200 OK in 14995ms (Views: 14982.4ms | ActiveRecord: 0.6ms)


Started GET "/instructors" for ::1 at 2020-02-27 16:06:33 -0600
Processing by InstructorsController#index as HTML
  Rendering instructors/index.html.erb within layouts/application
  [1m[36mInstructor Load (0.3ms)[0m  [1m[34mSELECT "instructors".* FROM "instructors"[0m
  Rendered instructors/index.html.erb within layouts/application (2.5ms)
Completed 200 OK in 23ms (Views: 21.7ms | ActiveRecord: 0.3ms)


Started GET "/instructors" for ::1 at 2020-02-27 16:10:29 -0600
Processing by InstructorsController#index as HTML
  Rendering instructors/index.html.erb within layouts/application
  [1m[36mInstructor Load (0.3ms)[0m  [1m[34mSELECT "instructors".* FROM "instructors"[0m
  Rendered instructors/index.html.erb within layouts/application (12.4ms)
Completed 200 OK in 65ms (Views: 57.3ms | ActiveRecord: 0.9ms)


Started GET "/instructors/1" for ::1 at 2020-02-27 16:11:21 -0600
Processing by InstructorsController#show as HTML
  Parameters: {"id"=>"1"}
  [1m[36mInstructor Load (0.2ms)[0m  [1m[34mSELECT  "instructors".* FROM "instructors" WHERE "instructors"."id" = ? LIMIT ?[0m  [["id", 1], ["LIMIT", 1]]
  Rendering instructors/show.html.erb within layouts/application
  Rendered instructors/show.html.erb within layouts/application (0.5ms)
Completed 200 OK in 40ms (Views: 17.6ms | ActiveRecord: 1.3ms)


Started GET "/instructors/new" for ::1 at 2020-02-27 16:14:45 -0600
Processing by InstructorsController#new as HTML
  Rendering instructors/new.html.erb within layouts/application
  Rendered instructors/new.html.erb within layouts/application (26.8ms)
Completed 200 OK in 50ms (Views: 41.8ms | ActiveRecord: 0.5ms)


Started GET "/instructors/new" for ::1 at 2020-02-27 16:19:42 -0600
Processing by InstructorsController#new as HTML
  Rendering instructors/new.html.erb within layouts/application
  Rendered instructors/new.html.erb within layouts/application (1.6ms)
Completed 200 OK in 24ms (Views: 16.8ms | ActiveRecord: 0.5ms)


Started POST "/instructors" for ::1 at 2020-02-27 16:19:46 -0600
Processing by InstructorsController#create as HTML
  Parameters: {"utf8"=>"✓", "authenticity_token"=>"DcX7/hZSg27SroF+Y7wSELy0te6vPUkk22sRFeGetTl7qT6Um2UxjolOHlFl6Z4c/BBCs1lPqySN9HOObipQAA==", "instructor"=>{"name"=>"Josh"}, "commit"=>"Create Instructor"}
  [1m[35m (0.1ms)[0m  [1m[36mbegin transaction[0m
  [1m[35mSQL (0.6ms)[0m  [1m[32mINSERT INTO "instructors" ("name", "created_at", "updated_at") VALUES (?, ?, ?)[0m  [["name", "Josh"], ["created_at", "2020-02-27 22:19:46.010312"], ["updated_at", "2020-02-27 22:19:46.010312"]]
  [1m[35m (0.8ms)[0m  [1m[36mcommit transaction[0m
Redirected to http://localhost:3000/instructors/4
Completed 302 Found in 5ms (ActiveRecord: 1.5ms)


Started GET "/instructors/4" for ::1 at 2020-02-27 16:19:46 -0600
Processing by InstructorsController#show as HTML
  Parameters: {"id"=>"4"}
  [1m[36mInstructor Load (0.3ms)[0m  [1m[34mSELECT  "instructors".* FROM "instructors" WHERE "instructors"."id" = ? LIMIT ?[0m  [["id", 4], ["LIMIT", 1]]
  Rendering instructors/show.html.erb within layouts/application
  Rendered instructors/show.html.erb within layouts/application (0.4ms)
Completed 200 OK in 16ms (Views: 13.4ms | ActiveRecord: 0.3ms)


Started GET "/instructors/4/edit" for ::1 at 2020-02-27 16:21:29 -0600
Processing by InstructorsController#edit as HTML
  Parameters: {"id"=>"4"}
  [1m[36mInstructor Load (0.1ms)[0m  [1m[34mSELECT  "instructors".* FROM "instructors" WHERE "instructors"."id" = ? LIMIT ?[0m  [["id", 4], ["LIMIT", 1]]
  Rendering instructors/edit.html.erb within layouts/application
  Rendered instructors/_form.html.erb (1.6ms)
  Rendered instructors/edit.html.erb within layouts/application (2.7ms)
Completed 200 OK in 26ms (Views: 17.8ms | ActiveRecord: 0.6ms)


Started GET "/instructors/4/edit" for ::1 at 2020-02-27 18:59:40 -0600
Processing by InstructorsController#edit as HTML
  Parameters: {"id"=>"4"}
  [1m[36mInstructor Load (0.2ms)[0m  [1m[34mSELECT  "instructors".* FROM "instructors" WHERE "instructors"."id" = ? LIMIT ?[0m  [["id", 4], ["LIMIT", 1]]
  Rendering instructors/edit.html.erb within layouts/application
  Rendered instructors/_form.html.erb (1.7ms)
  Rendered instructors/edit.html.erb within layouts/application (3.4ms)
Completed 200 OK in 52ms (Views: 40.5ms | ActiveRecord: 0.7ms)


Started PATCH "/instructors/4" for ::1 at 2020-02-27 18:59:44 -0600
Processing by InstructorsController#update as HTML
  Parameters: {"utf8"=>"✓", "authenticity_token"=>"09t50UwylHyriatVUktPQZc+pOrQsS6oJG9aO9uK93Klt7y7wQUmnPBpNHpUHsNN15pTtybDzKhy8DigVD4SSw==", "instructor"=>{"name"=>"Joshua"}, "commit"=>"Update Instructor", "id"=>"4"}
  [1m[36mInstructor Load (0.1ms)[0m  [1m[34mSELECT  "instructors".* FROM "instructors" WHERE "instructors"."id" = ? LIMIT ?[0m  [["id", 4], ["LIMIT", 1]]
  [1m[35m (0.7ms)[0m  [1m[36mbegin transaction[0m
  [1m[35mSQL (0.8ms)[0m  [1m[33mUPDATE "instructors" SET "name" = ?, "updated_at" = ? WHERE "instructors"."id" = ?[0m  [["name", "Joshua"], ["updated_at", "2020-02-28 00:59:44.707141"], ["id", 4]]
  [1m[35m (3.6ms)[0m  [1m[36mcommit transaction[0m
Redirected to http://localhost:3000/instructors/4
Completed 302 Found in 13ms (ActiveRecord: 5.1ms)


Started GET "/instructors/4" for ::1 at 2020-02-27 18:59:44 -0600
Processing by InstructorsController#show as HTML
  Parameters: {"id"=>"4"}
  [1m[36mInstructor Load (0.4ms)[0m  [1m[34mSELECT  "instructors".* FROM "instructors" WHERE "instructors"."id" = ? LIMIT ?[0m  [["id", 4], ["LIMIT", 1]]
  Rendering instructors/show.html.erb within layouts/application
  Rendered instructors/show.html.erb within layouts/application (0.6ms)
Completed 200 OK in 64ms (Views: 59.8ms | ActiveRecord: 0.4ms)


Started GET "/instructors/4/edit" for ::1 at 2020-02-27 18:59:51 -0600
Processing by InstructorsController#edit as HTML
  Parameters: {"id"=>"4"}
  [1m[36mInstructor Load (0.1ms)[0m  [1m[34mSELECT  "instructors".* FROM "instructors" WHERE "instructors"."id" = ? LIMIT ?[0m  [["id", 4], ["LIMIT", 1]]
  Rendering instructors/edit.html.erb within layouts/application
  Rendered instructors/_form.html.erb (1.2ms)
  Rendered instructors/edit.html.erb within layouts/application (2.3ms)
Completed 200 OK in 23ms (Views: 21.5ms | ActiveRecord: 0.1ms)


Started PATCH "/instructors/4" for ::1 at 2020-02-27 18:59:55 -0600
Processing by InstructorsController#update as HTML
  Parameters: {"utf8"=>"✓", "authenticity_token"=>"0mC7U1jEb3JqAGrL6V02y/E6byNniOwAOBTxtzg9FzekDH451fPdkjHg9eTvCLrHsZ6YfpH6DgBui5Mst4nyDg==", "instructor"=>{"name"=>""}, "commit"=>"Update Instructor", "id"=>"4"}
  [1m[36mInstructor Load (0.1ms)[0m  [1m[34mSELECT  "instructors".* FROM "instructors" WHERE "instructors"."id" = ? LIMIT ?[0m  [["id", 4], ["LIMIT", 1]]
  [1m[35m (0.1ms)[0m  [1m[36mbegin transaction[0m
  [1m[35m (0.1ms)[0m  [1m[31mrollback transaction[0m
Redirected to http://localhost:3000/instructors/4/edit
Completed 302 Found in 4ms (ActiveRecord: 0.3ms)


Started GET "/instructors/4/edit" for ::1 at 2020-02-27 18:59:55 -0600
Processing by InstructorsController#edit as HTML
  Parameters: {"id"=>"4"}
  [1m[36mInstructor Load (0.1ms)[0m  [1m[34mSELECT  "instructors".* FROM "instructors" WHERE "instructors"."id" = ? LIMIT ?[0m  [["id", 4], ["LIMIT", 1]]
  Rendering instructors/edit.html.erb within layouts/application
  Rendered instructors/_form.html.erb (2.0ms)
  Rendered instructors/edit.html.erb within layouts/application (2.9ms)
Completed 200 OK in 23ms (Views: 21.4ms | ActiveRecord: 0.1ms)


Started GET "/instructors/new" for ::1 at 2020-02-27 19:02:43 -0600
Processing by InstructorsController#new as HTML
  Rendering instructors/new.html.erb within layouts/application
  Rendered instructors/_form.html.erb (1.9ms)
  Rendered instructors/new.html.erb within layouts/application (3.0ms)
Completed 200 OK in 20ms (Views: 17.2ms | ActiveRecord: 0.0ms)


Started POST "/instructors" for ::1 at 2020-02-27 19:02:46 -0600
Processing by InstructorsController#create as HTML
  Parameters: {"utf8"=>"✓", "authenticity_token"=>"lETMMKEtvBmarZmN/WOOT0QZm8cbjXMu731EBRJn6yTiKAlaLBoO+cFNBqL7NgJDBL1smu3/kS654iaendMOHQ==", "instructor"=>{"name"=>"test"}, "commit"=>"Create Instructor"}
  [1m[35m (0.1ms)[0m  [1m[36mbegin transaction[0m
  [1m[35mSQL (0.4ms)[0m  [1m[32mINSERT INTO "instructors" ("name", "created_at", "updated_at") VALUES (?, ?, ?)[0m  [["name", "test"], ["created_at", "2020-02-28 01:02:46.938302"], ["updated_at", "2020-02-28 01:02:46.938302"]]
  [1m[35m (1.2ms)[0m  [1m[36mcommit transaction[0m
Redirected to http://localhost:3000/instructors/5
Completed 302 Found in 6ms (ActiveRecord: 1.6ms)


Started GET "/instructors/5" for ::1 at 2020-02-27 19:02:46 -0600
Processing by InstructorsController#show as HTML
  Parameters: {"id"=>"5"}
  [1m[36mInstructor Load (0.1ms)[0m  [1m[34mSELECT  "instructors".* FROM "instructors" WHERE "instructors"."id" = ? LIMIT ?[0m  [["id", 5], ["LIMIT", 1]]
  Rendering instructors/show.html.erb within layouts/application
  Rendered instructors/show.html.erb within layouts/application (1.7ms)
Completed 200 OK in 28ms (Views: 25.4ms | ActiveRecord: 0.1ms)


Started DELETE "/instructors/5" for ::1 at 2020-02-27 19:02:48 -0600
  
ActionController::RoutingError (No route matches [DELETE] "/instructors/5"):
  
actionpack (5.0.7.2) lib/action_dispatch/middleware/debug_exceptions.rb:53:in `call'
web-console (3.7.0) lib/web_console/middleware.rb:135:in `call_app'
web-console (3.7.0) lib/web_console/middleware.rb:30:in `block in call'
web-console (3.7.0) lib/web_console/middleware.rb:20:in `catch'
web-console (3.7.0) lib/web_console/middleware.rb:20:in `call'
actionpack (5.0.7.2) lib/action_dispatch/middleware/show_exceptions.rb:31:in `call'
railties (5.0.7.2) lib/rails/rack/logger.rb:36:in `call_app'
railties (5.0.7.2) lib/rails/rack/logger.rb:24:in `block in call'
activesupport (5.0.7.2) lib/active_support/tagged_logging.rb:69:in `block in tagged'
activesupport (5.0.7.2) lib/active_support/tagged_logging.rb:26:in `tagged'
activesupport (5.0.7.2) lib/active_support/tagged_logging.rb:69:in `tagged'
railties (5.0.7.2) lib/rails/rack/logger.rb:24:in `call'
sprockets-rails (3.2.1) lib/sprockets/rails/quiet_assets.rb:13:in `call'
actionpack (5.0.7.2) lib/action_dispatch/middleware/request_id.rb:24:in `call'
rack (2.0.7) lib/rack/method_override.rb:22:in `call'
rack (2.0.7) lib/rack/runtime.rb:22:in `call'
activesupport (5.0.7.2) lib/active_support/cache/strategy/local_cache_middleware.rb:28:in `call'
actionpack (5.0.7.2) lib/action_dispatch/middleware/executor.rb:12:in `call'
actionpack (5.0.7.2) lib/action_dispatch/middleware/static.rb:136:in `call'
rack (2.0.7) lib/rack/sendfile.rb:111:in `call'
railties (5.0.7.2) lib/rails/engine.rb:522:in `call'
puma (3.12.1) lib/puma/configuration.rb:227:in `call'
puma (3.12.1) lib/puma/server.rb:660:in `handle_request'
puma (3.12.1) lib/puma/server.rb:474:in `process_client'
puma (3.12.1) lib/puma/server.rb:334:in `block in run'
puma (3.12.1) lib/puma/thread_pool.rb:135:in `block in spawn_thread'
  Rendering /Users/vidhi.sharma/.rvm/gems/ruby-2.6.1/gems/actionpack-5.0.7.2/lib/action_dispatch/middleware/templates/rescues/routing_error.html.erb within rescues/layout
  Rendering /Users/vidhi.sharma/.rvm/gems/ruby-2.6.1/gems/actionpack-5.0.7.2/lib/action_dispatch/middleware/templates/rescues/_trace.html.erb
  Rendered /Users/vidhi.sharma/.rvm/gems/ruby-2.6.1/gems/actionpack-5.0.7.2/lib/action_dispatch/middleware/templates/rescues/_trace.html.erb (1.0ms)
  Rendered collection of /Users/vidhi.sharma/.rvm/gems/ruby-2.6.1/gems/actionpack-5.0.7.2/lib/action_dispatch/middleware/templates/routes/_route.html.erb [7 times] (10.9ms)
  Rendered /Users/vidhi.sharma/.rvm/gems/ruby-2.6.1/gems/actionpack-5.0.7.2/lib/action_dispatch/middleware/templates/routes/_table.html.erb (5.2ms)
  Rendering /Users/vidhi.sharma/.rvm/gems/ruby-2.6.1/gems/actionpack-5.0.7.2/lib/action_dispatch/middleware/templates/rescues/_request_and_response.html.erb
  Rendered /Users/vidhi.sharma/.rvm/gems/ruby-2.6.1/gems/actionpack-5.0.7.2/lib/action_dispatch/middleware/templates/rescues/_request_and_response.html.erb (0.9ms)
  Rendered /Users/vidhi.sharma/.rvm/gems/ruby-2.6.1/gems/actionpack-5.0.7.2/lib/action_dispatch/middleware/templates/rescues/routing_error.html.erb within rescues/layout (50.6ms)
Started GET "/instructors/5" for ::1 at 2020-02-27 19:04:15 -0600
Processing by InstructorsController#show as HTML
  Parameters: {"id"=>"5"}
  [1m[36mInstructor Load (0.2ms)[0m  [1m[34mSELECT  "instructors".* FROM "instructors" WHERE "instructors"."id" = ? LIMIT ?[0m  [["id", 5], ["LIMIT", 1]]
  Rendering instructors/show.html.erb within layouts/application
  Rendered instructors/show.html.erb within layouts/application (1.1ms)
Completed 200 OK in 27ms (Views: 16.2ms | ActiveRecord: 1.1ms)


Started DELETE "/instructors/5" for ::1 at 2020-02-27 19:04:17 -0600
Processing by InstructorsController#destroy as HTML
  Parameters: {"utf8"=>"✓", "authenticity_token"=>"CFnY0G+cTz3e2C111DU8mpNLFhmoof3YFtRL5Jj/n2x+NR264qv93YU4slrSYLCW0+/hRF7TH9hASyl/F0t6VQ==", "commit"=>"delete instructor", "id"=>"5"}
  [1m[36mInstructor Load (0.1ms)[0m  [1m[34mSELECT  "instructors".* FROM "instructors" WHERE "instructors"."id" = ? LIMIT ?[0m  [["id", 5], ["LIMIT", 1]]
  [1m[35m (0.1ms)[0m  [1m[36mbegin transaction[0m
  [1m[35mSQL (2.4ms)[0m  [1m[31mDELETE FROM "instructors" WHERE "instructors"."id" = ?[0m  [["id", 5]]
  [1m[35m (1.1ms)[0m  [1m[36mcommit transaction[0m
Redirected to http://localhost:3000/instructors
Completed 302 Found in 7ms (ActiveRecord: 3.7ms)


Started GET "/instructors" for ::1 at 2020-02-27 19:04:17 -0600
Processing by InstructorsController#index as HTML
  Rendering instructors/index.html.erb within layouts/application
  [1m[36mInstructor Load (0.2ms)[0m  [1m[34mSELECT "instructors".* FROM "instructors"[0m
  Rendered instructors/index.html.erb within layouts/application (1.2ms)
Completed 200 OK in 24ms (Views: 21.6ms | ActiveRecord: 0.2ms)


Started GET "/students" for ::1 at 2020-02-27 19:07:43 -0600
  [1m[36mActiveRecord::SchemaMigration Load (0.6ms)[0m  [1m[34mSELECT "schema_migrations".* FROM "schema_migrations"[0m
Processing by StudentsController#index as HTML
  Rendering students/index.html.erb within layouts/application
  [1m[36mStudent Load (0.3ms)[0m  [1m[34mSELECT "students".* FROM "students"[0m
  Rendered students/index.html.erb within layouts/application (135.8ms)
Completed 500 Internal Server Error in 168ms (ActiveRecord: 0.8ms)


  
ActionView::Template::Error (undefined method `student_path' for #<#<Class:0x00007fccfa7b45e8>:0x00007fccfa7c66f8>
Did you mean?  students_path):
    2: 
    3: <% @students.each do |s| %>
    4: <li>
    5: <%= link_to s.name, student_path(s)%>
    6: </li>
    7: <% end %>
  
app/views/students/index.html.erb:5:in `block in _app_views_students_index_html_erb__2053391825546063981_70259176223560'
app/views/students/index.html.erb:3:in `_app_views_students_index_html_erb__2053391825546063981_70259176223560'
  Rendering /Users/vidhi.sharma/.rvm/gems/ruby-2.6.1/gems/actionpack-5.0.7.2/lib/action_dispatch/middleware/templates/rescues/template_error.html.erb within rescues/layout
  Rendering /Users/vidhi.sharma/.rvm/gems/ruby-2.6.1/gems/actionpack-5.0.7.2/lib/action_dispatch/middleware/templates/rescues/_source.html.erb
  Rendered /Users/vidhi.sharma/.rvm/gems/ruby-2.6.1/gems/actionpack-5.0.7.2/lib/action_dispatch/middleware/templates/rescues/_source.html.erb (3.0ms)
  Rendering /Users/vidhi.sharma/.rvm/gems/ruby-2.6.1/gems/actionpack-5.0.7.2/lib/action_dispatch/middleware/templates/rescues/_trace.html.erb
  Rendered /Users/vidhi.sharma/.rvm/gems/ruby-2.6.1/gems/actionpack-5.0.7.2/lib/action_dispatch/middleware/templates/rescues/_trace.html.erb (1.5ms)
  Rendering /Users/vidhi.sharma/.rvm/gems/ruby-2.6.1/gems/actionpack-5.0.7.2/lib/action_dispatch/middleware/templates/rescues/_request_and_response.html.erb
  Rendered /Users/vidhi.sharma/.rvm/gems/ruby-2.6.1/gems/actionpack-5.0.7.2/lib/action_dispatch/middleware/templates/rescues/_request_and_response.html.erb (0.7ms)
  Rendered /Users/vidhi.sharma/.rvm/gems/ruby-2.6.1/gems/actionpack-5.0.7.2/lib/action_dispatch/middleware/templates/rescues/template_error.html.erb within rescues/layout (26.6ms)
Started GET "/students" for ::1 at 2020-02-27 19:08:06 -0600
Processing by StudentsController#index as HTML
  Rendering students/index.html.erb within layouts/application
  [1m[36mStudent Load (0.4ms)[0m  [1m[34mSELECT "students".* FROM "students"[0m
  Rendered students/index.html.erb within layouts/application (10.2ms)
Completed 200 OK in 449ms (Views: 444.4ms | ActiveRecord: 1.0ms)


Started GET "/students" for ::1 at 2020-02-27 19:10:28 -0600
Processing by StudentsController#index as HTML
  Rendering students/index.html.erb within layouts/application
  [1m[36mStudent Load (0.1ms)[0m  [1m[34mSELECT "students".* FROM "students"[0m
  [1m[36mInstructor Load (0.2ms)[0m  [1m[34mSELECT  "instructors".* FROM "instructors" WHERE "instructors"."id" = ? LIMIT ?[0m  [["id", 1], ["LIMIT", 1]]
  [1m[36mInstructor Load (0.1ms)[0m  [1m[34mSELECT  "instructors".* FROM "instructors" WHERE "instructors"."id" = ? LIMIT ?[0m  [["id", 2], ["LIMIT", 1]]
  [1m[36mInstructor Load (0.7ms)[0m  [1m[34mSELECT  "instructors".* FROM "instructors" WHERE "instructors"."id" = ? LIMIT ?[0m  [["id", 3], ["LIMIT", 1]]
  [1m[36mCACHE (0.0ms)[0m  [1m[34mSELECT  "instructors".* FROM "instructors" WHERE "instructors"."id" = ? LIMIT ?[0m  [["id", 1], ["LIMIT", 1]]
  [1m[36mCACHE (0.0ms)[0m  [1m[34mSELECT  "instructors".* FROM "instructors" WHERE "instructors"."id" = ? LIMIT ?[0m  [["id", 2], ["LIMIT", 1]]
  [1m[36mCACHE (0.0ms)[0m  [1m[34mSELECT  "instructors".* FROM "instructors" WHERE "instructors"."id" = ? LIMIT ?[0m  [["id", 3], ["LIMIT", 1]]
  Rendered students/index.html.erb within layouts/application (37.1ms)
Completed 200 OK in 60ms (Views: 57.1ms | ActiveRecord: 2.3ms)


Started GET "/instructors/1" for ::1 at 2020-02-27 19:10:37 -0600
Processing by InstructorsController#show as HTML
  Parameters: {"id"=>"1"}
  [1m[36mInstructor Load (0.1ms)[0m  [1m[34mSELECT  "instructors".* FROM "instructors" WHERE "instructors"."id" = ? LIMIT ?[0m  [["id", 1], ["LIMIT", 1]]
  Rendering instructors/show.html.erb within layouts/application
  Rendered instructors/show.html.erb within layouts/application (1.6ms)
Completed 200 OK in 44ms (Views: 41.5ms | ActiveRecord: 0.1ms)


Started GET "/students" for ::1 at 2020-02-27 19:13:27 -0600
  
ActionController::RoutingError (undefined local variable or method `only' for StudentsController:Class):
  
app/controllers/students_controller.rb:2:in `<class:StudentsController>'
app/controllers/students_controller.rb:1:in `<top (required)>'
  Rendering /Users/vidhi.sharma/.rvm/gems/ruby-2.6.1/gems/actionpack-5.0.7.2/lib/action_dispatch/middleware/templates/rescues/routing_error.html.erb within rescues/layout
  Rendering /Users/vidhi.sharma/.rvm/gems/ruby-2.6.1/gems/actionpack-5.0.7.2/lib/action_dispatch/middleware/templates/rescues/_trace.html.erb
  Rendered /Users/vidhi.sharma/.rvm/gems/ruby-2.6.1/gems/actionpack-5.0.7.2/lib/action_dispatch/middleware/templates/rescues/_trace.html.erb (1.1ms)
  Rendered collection of /Users/vidhi.sharma/.rvm/gems/ruby-2.6.1/gems/actionpack-5.0.7.2/lib/action_dispatch/middleware/templates/routes/_route.html.erb [10 times] (4.4ms)
  Rendered /Users/vidhi.sharma/.rvm/gems/ruby-2.6.1/gems/actionpack-5.0.7.2/lib/action_dispatch/middleware/templates/routes/_table.html.erb (19.1ms)
  Rendering /Users/vidhi.sharma/.rvm/gems/ruby-2.6.1/gems/actionpack-5.0.7.2/lib/action_dispatch/middleware/templates/rescues/_request_and_response.html.erb
  Rendered /Users/vidhi.sharma/.rvm/gems/ruby-2.6.1/gems/actionpack-5.0.7.2/lib/action_dispatch/middleware/templates/rescues/_request_and_response.html.erb (2.3ms)
  Rendered /Users/vidhi.sharma/.rvm/gems/ruby-2.6.1/gems/actionpack-5.0.7.2/lib/action_dispatch/middleware/templates/rescues/routing_error.html.erb within rescues/layout (52.5ms)
Started GET "/students" for ::1 at 2020-02-27 19:13:59 -0600
Processing by StudentsController#index as HTML
  Rendering students/index.html.erb within layouts/application
  [1m[36mStudent Load (0.8ms)[0m  [1m[34mSELECT "students".* FROM "students"[0m
  Rendered students/index.html.erb within layouts/application (22.2ms)
Completed 200 OK in 57ms (Views: 49.5ms | ActiveRecord: 1.5ms)


Started GET "/students/6" for ::1 at 2020-02-27 19:14:02 -0600
Processing by StudentsController#show as HTML
  Parameters: {"id"=>"6"}
  [1m[36mStudent Load (0.2ms)[0m  [1m[34mSELECT  "students".* FROM "students" WHERE "students"."id" = ? LIMIT ?[0m  [["id", 6], ["LIMIT", 1]]
  Rendering students/show.html.erb within layouts/application
  [1m[36mInstructor Load (0.1ms)[0m  [1m[34mSELECT  "instructors".* FROM "instructors" WHERE "instructors"."id" = ? LIMIT ?[0m  [["id", 3], ["LIMIT", 1]]
  Rendered students/show.html.erb within layouts/application (70.1ms)
Completed 200 OK in 97ms (Views: 94.7ms | ActiveRecord: 0.6ms)


Started GET "/instructors/3" for ::1 at 2020-02-27 19:14:05 -0600
Processing by InstructorsController#show as HTML
  Parameters: {"id"=>"3"}
  [1m[36mInstructor Load (0.1ms)[0m  [1m[34mSELECT  "instructors".* FROM "instructors" WHERE "instructors"."id" = ? LIMIT ?[0m  [["id", 3], ["LIMIT", 1]]
  Rendering instructors/show.html.erb within layouts/application
  Rendered instructors/show.html.erb within layouts/application (1.3ms)
Completed 200 OK in 76ms (Views: 73.9ms | ActiveRecord: 0.1ms)


Started GET "/students/new" for ::1 at 2020-02-27 19:19:38 -0600
Processing by StudentsController#new as HTML
  Rendering students/new.html.erb within layouts/application
  Rendered students/new.html.erb within layouts/application (0.4ms)
Completed 200 OK in 50ms (Views: 31.1ms | ActiveRecord: 2.2ms)


Started GET "/students/new" for ::1 at 2020-02-27 19:19:42 -0600
Processing by StudentsController#new as HTML
  Rendering students/new.html.erb within layouts/application
  Rendered students/new.html.erb within layouts/application (0.3ms)
Completed 200 OK in 31ms (Views: 30.0ms | ActiveRecord: 0.0ms)


Started GET "/students/new" for ::1 at 2020-02-27 19:20:02 -0600
Processing by StudentsController#new as HTML
  Rendering students/new.html.erb within layouts/application
  [1m[36mInstructor Load (0.1ms)[0m  [1m[34mSELECT "instructors".* FROM "instructors"[0m
  Rendered students/_form.html.erb (22.2ms)
  Rendered students/new.html.erb within layouts/application (23.3ms)
Completed 200 OK in 52ms (Views: 50.2ms | ActiveRecord: 0.4ms)


Started POST "/students" for ::1 at 2020-02-27 19:20:24 -0600
Processing by StudentsController#create as HTML
  Parameters: {"utf8"=>"✓", "authenticity_token"=>"W+M//jeEhnwu0lIp1vX7yFqf1/uyaZXa0i8yGHStV0wtj/qUurM0nHUyzQbQoHfEGjsgpkQbd9qEsFCD+xmydQ==", "student"=>{"name"=>"someone", "major"=>"SE", "age"=>"25", "instructor_id"=>"3"}, "commit"=>"Create Student"}
Completed 500 Internal Server Error in 14491ms (ActiveRecord: 0.0ms)


  
SystemExit (exit):
  
app/controllers/students_controller.rb:19:in `create'
  Rendering /Users/vidhi.sharma/.rvm/gems/ruby-2.6.1/gems/actionpack-5.0.7.2/lib/action_dispatch/middleware/templates/rescues/diagnostics.html.erb within rescues/layout
  Rendering /Users/vidhi.sharma/.rvm/gems/ruby-2.6.1/gems/actionpack-5.0.7.2/lib/action_dispatch/middleware/templates/rescues/_source.html.erb
  Rendered /Users/vidhi.sharma/.rvm/gems/ruby-2.6.1/gems/actionpack-5.0.7.2/lib/action_dispatch/middleware/templates/rescues/_source.html.erb (113.2ms)
  Rendering /Users/vidhi.sharma/.rvm/gems/ruby-2.6.1/gems/actionpack-5.0.7.2/lib/action_dispatch/middleware/templates/rescues/_trace.html.erb
  Rendered /Users/vidhi.sharma/.rvm/gems/ruby-2.6.1/gems/actionpack-5.0.7.2/lib/action_dispatch/middleware/templates/rescues/_trace.html.erb (32.5ms)
  Rendering /Users/vidhi.sharma/.rvm/gems/ruby-2.6.1/gems/actionpack-5.0.7.2/lib/action_dispatch/middleware/templates/rescues/_request_and_response.html.erb
  Rendered /Users/vidhi.sharma/.rvm/gems/ruby-2.6.1/gems/actionpack-5.0.7.2/lib/action_dispatch/middleware/templates/rescues/_request_and_response.html.erb (17.9ms)
  Rendered /Users/vidhi.sharma/.rvm/gems/ruby-2.6.1/gems/actionpack-5.0.7.2/lib/action_dispatch/middleware/templates/rescues/diagnostics.html.erb within rescues/layout (189.5ms)
Started GET "/students/new" for ::1 at 2020-02-27 19:23:06 -0600
Processing by StudentsController#new as HTML
  Rendering students/new.html.erb within layouts/application
  [1m[36mInstructor Load (13.6ms)[0m  [1m[34mSELECT "instructors".* FROM "instructors"[0m
  Rendered students/_form.html.erb (144.7ms)
  Rendered students/new.html.erb within layouts/application (159.2ms)
Completed 200 OK in 690ms (Views: 537.8ms | ActiveRecord: 19.2ms)


Started POST "/students" for ::1 at 2020-02-27 19:23:19 -0600
Processing by StudentsController#create as HTML
  Parameters: {"utf8"=>"✓", "authenticity_token"=>"OYUyBFdMABLFYoBPjOL7fgsrZnh1O1//X663ApIyYztP6fdu2nuy8p6CH2CKt3dyS4+RJYNJvf8JMdWZHYaGAg==", "student"=>{"name"=>"Vidhi Sharma", "major"=>"DS", "age"=>"12", "instructor_id"=>"1"}, "commit"=>"Create Student"}
  [1m[36mInstructor Load (0.7ms)[0m  [1m[34mSELECT  "instructors".* FROM "instructors" WHERE "instructors"."id" = ? LIMIT ?[0m  [["id", 1], ["LIMIT", 1]]
Redirected to http://localhost:3000/students/new
Completed 302 Found in 100ms (ActiveRecord: 0.7ms)


Started GET "/students/new" for ::1 at 2020-02-27 19:23:20 -0600
Processing by StudentsController#new as HTML
  Rendering students/new.html.erb within layouts/application
  [1m[36mInstructor Load (0.9ms)[0m  [1m[34mSELECT "instructors".* FROM "instructors"[0m
  Rendered students/_form.html.erb (74.4ms)
  Rendered students/new.html.erb within layouts/application (88.3ms)
Completed 200 OK in 494ms (Views: 465.7ms | ActiveRecord: 0.9ms)


Started POST "/students" for ::1 at 2020-02-27 19:23:30 -0600
Processing by StudentsController#create as HTML
  Parameters: {"utf8"=>"✓", "authenticity_token"=>"+i0i6PhcYk6RzNNpL+y4sVKbUGUmbYQieH9e3Qajv0yMQeeCdWvQrsosTEYpuTS9Ej+nONAfZiIu4DxGiRdadQ==", "student"=>{"name"=>"Vidhi Sharma", "major"=>"SE", "age"=>"25", "instructor_id"=>"4"}, "commit"=>"Create Student"}
  [1m[36mInstructor Load (0.5ms)[0m  [1m[34mSELECT  "instructors".* FROM "instructors" WHERE "instructors"."id" = ? LIMIT ?[0m  [["id", 4], ["LIMIT", 1]]
  [1m[35m (0.4ms)[0m  [1m[36mbegin transaction[0m
  [1m[35mSQL (1.5ms)[0m  [1m[32mINSERT INTO "students" ("name", "major", "age", "instructor_id", "created_at", "updated_at") VALUES (?, ?, ?, ?, ?, ?)[0m  [["name", "Vidhi Sharma"], ["major", "SE"], ["age", 25], ["instructor_id", 4], ["created_at", "2020-02-28 01:23:30.381204"], ["updated_at", "2020-02-28 01:23:30.381204"]]
  [1m[35m (2.8ms)[0m  [1m[36mcommit transaction[0m
Redirected to http://localhost:3000/students/7
Completed 302 Found in 99ms (ActiveRecord: 5.2ms)


Started GET "/students/7" for ::1 at 2020-02-27 19:23:30 -0600
Processing by StudentsController#show as HTML
  Parameters: {"id"=>"7"}
  [1m[36mStudent Load (1.2ms)[0m  [1m[34mSELECT  "students".* FROM "students" WHERE "students"."id" = ? LIMIT ?[0m  [["id", 7], ["LIMIT", 1]]
  Rendering students/show.html.erb within layouts/application
  [1m[36mInstructor Load (1.0ms)[0m  [1m[34mSELECT  "instructors".* FROM "instructors" WHERE "instructors"."id" = ? LIMIT ?[0m  [["id", 4], ["LIMIT", 1]]
  Rendered students/show.html.erb within layouts/application (23.8ms)
Completed 200 OK in 518ms (Views: 487.0ms | ActiveRecord: 2.2ms)


Started GET "/instructors/4" for ::1 at 2020-02-27 19:23:33 -0600
Processing by InstructorsController#show as HTML
  Parameters: {"id"=>"4"}
  [1m[36mInstructor Load (0.6ms)[0m  [1m[34mSELECT  "instructors".* FROM "instructors" WHERE "instructors"."id" = ? LIMIT ?[0m  [["id", 4], ["LIMIT", 1]]
  Rendering instructors/show.html.erb within layouts/application
  Rendered instructors/show.html.erb within layouts/application (21.0ms)
Completed 200 OK in 402ms (Views: 363.5ms | ActiveRecord: 0.6ms)


Started GET "/students/7/edit" for ::1 at 2020-02-27 19:25:21 -0600
  
ActionController::RoutingError (No route matches [GET] "/students/7/edit"):
  
actionpack (5.0.7.2) lib/action_dispatch/middleware/debug_exceptions.rb:53:in `call'
web-console (3.7.0) lib/web_console/middleware.rb:135:in `call_app'
web-console (3.7.0) lib/web_console/middleware.rb:30:in `block in call'
web-console (3.7.0) lib/web_console/middleware.rb:20:in `catch'
web-console (3.7.0) lib/web_console/middleware.rb:20:in `call'
actionpack (5.0.7.2) lib/action_dispatch/middleware/show_exceptions.rb:31:in `call'
railties (5.0.7.2) lib/rails/rack/logger.rb:36:in `call_app'
railties (5.0.7.2) lib/rails/rack/logger.rb:24:in `block in call'
activesupport (5.0.7.2) lib/active_support/tagged_logging.rb:69:in `block in tagged'
activesupport (5.0.7.2) lib/active_support/tagged_logging.rb:26:in `tagged'
activesupport (5.0.7.2) lib/active_support/tagged_logging.rb:69:in `tagged'
railties (5.0.7.2) lib/rails/rack/logger.rb:24:in `call'
sprockets-rails (3.2.1) lib/sprockets/rails/quiet_assets.rb:13:in `call'
actionpack (5.0.7.2) lib/action_dispatch/middleware/request_id.rb:24:in `call'
rack (2.0.7) lib/rack/method_override.rb:22:in `call'
rack (2.0.7) lib/rack/runtime.rb:22:in `call'
activesupport (5.0.7.2) lib/active_support/cache/strategy/local_cache_middleware.rb:28:in `call'
actionpack (5.0.7.2) lib/action_dispatch/middleware/executor.rb:12:in `call'
actionpack (5.0.7.2) lib/action_dispatch/middleware/static.rb:136:in `call'
rack (2.0.7) lib/rack/sendfile.rb:111:in `call'
railties (5.0.7.2) lib/rails/engine.rb:522:in `call'
puma (3.12.1) lib/puma/configuration.rb:227:in `call'
puma (3.12.1) lib/puma/server.rb:660:in `handle_request'
puma (3.12.1) lib/puma/server.rb:474:in `process_client'
puma (3.12.1) lib/puma/server.rb:334:in `block in run'
puma (3.12.1) lib/puma/thread_pool.rb:135:in `block in spawn_thread'
  Rendering /Users/vidhi.sharma/.rvm/gems/ruby-2.6.1/gems/actionpack-5.0.7.2/lib/action_dispatch/middleware/templates/rescues/routing_error.html.erb within rescues/layout
  Rendering /Users/vidhi.sharma/.rvm/gems/ruby-2.6.1/gems/actionpack-5.0.7.2/lib/action_dispatch/middleware/templates/rescues/_trace.html.erb
  Rendered /Users/vidhi.sharma/.rvm/gems/ruby-2.6.1/gems/actionpack-5.0.7.2/lib/action_dispatch/middleware/templates/rescues/_trace.html.erb (26.9ms)
  Rendered collection of /Users/vidhi.sharma/.rvm/gems/ruby-2.6.1/gems/actionpack-5.0.7.2/lib/action_dispatch/middleware/templates/routes/_route.html.erb [12 times] (75.0ms)
  Rendered /Users/vidhi.sharma/.rvm/gems/ruby-2.6.1/gems/actionpack-5.0.7.2/lib/action_dispatch/middleware/templates/routes/_table.html.erb (7.6ms)
  Rendering /Users/vidhi.sharma/.rvm/gems/ruby-2.6.1/gems/actionpack-5.0.7.2/lib/action_dispatch/middleware/templates/rescues/_request_and_response.html.erb
  Rendered /Users/vidhi.sharma/.rvm/gems/ruby-2.6.1/gems/actionpack-5.0.7.2/lib/action_dispatch/middleware/templates/rescues/_request_and_response.html.erb (8.5ms)
  Rendered /Users/vidhi.sharma/.rvm/gems/ruby-2.6.1/gems/actionpack-5.0.7.2/lib/action_dispatch/middleware/templates/rescues/routing_error.html.erb within rescues/layout (210.7ms)
Started GET "/students/7/edit" for ::1 at 2020-02-27 19:25:42 -0600
Processing by StudentsController#edit as HTML
  Parameters: {"id"=>"7"}
  [1m[36mStudent Load (1.1ms)[0m  [1m[34mSELECT  "students".* FROM "students" WHERE "students"."id" = ? LIMIT ?[0m  [["id", 7], ["LIMIT", 1]]
  Rendering students/edit.html.erb within layouts/application
  Rendered students/_form.html.erb (141.0ms)
  Rendered students/edit.html.erb within layouts/application (146.3ms)
Completed 500 Internal Server Error in 322ms (ActiveRecord: 5.7ms)


  
ActionView::Template::Error (undefined method `map' for nil:NilClass):
    10: <%= f.text_field :age %>
    11: 
    12: <%= f.label :instructor %>
    13: <%= f.collection_select :instructor_id, @instructors, :id, :name %>
    14: 
    15: <%= f.submit%>
    16: <%end%>
  
app/views/students/_form.html.erb:13:in `block in _app_views_students__form_html_erb___4330402390319849107_70259215155860'
app/views/students/_form.html.erb:1:in `_app_views_students__form_html_erb___4330402390319849107_70259215155860'
app/views/students/edit.html.erb:1:in `_app_views_students_edit_html_erb___1012942583564658241_70259170203260'
  Rendering /Users/vidhi.sharma/.rvm/gems/ruby-2.6.1/gems/actionpack-5.0.7.2/lib/action_dispatch/middleware/templates/rescues/template_error.html.erb within rescues/layout
  Rendering /Users/vidhi.sharma/.rvm/gems/ruby-2.6.1/gems/actionpack-5.0.7.2/lib/action_dispatch/middleware/templates/rescues/_source.html.erb
  Rendered /Users/vidhi.sharma/.rvm/gems/ruby-2.6.1/gems/actionpack-5.0.7.2/lib/action_dispatch/middleware/templates/rescues/_source.html.erb (460.4ms)
  Rendering /Users/vidhi.sharma/.rvm/gems/ruby-2.6.1/gems/actionpack-5.0.7.2/lib/action_dispatch/middleware/templates/rescues/_trace.html.erb
  Rendered /Users/vidhi.sharma/.rvm/gems/ruby-2.6.1/gems/actionpack-5.0.7.2/lib/action_dispatch/middleware/templates/rescues/_trace.html.erb (102.5ms)
  Rendering /Users/vidhi.sharma/.rvm/gems/ruby-2.6.1/gems/actionpack-5.0.7.2/lib/action_dispatch/middleware/templates/rescues/_request_and_response.html.erb
  Rendered /Users/vidhi.sharma/.rvm/gems/ruby-2.6.1/gems/actionpack-5.0.7.2/lib/action_dispatch/middleware/templates/rescues/_request_and_response.html.erb (17.6ms)
  Rendered /Users/vidhi.sharma/.rvm/gems/ruby-2.6.1/gems/actionpack-5.0.7.2/lib/action_dispatch/middleware/templates/rescues/template_error.html.erb within rescues/layout (616.6ms)
Started GET "/students/7/edit" for ::1 at 2020-02-27 19:26:29 -0600
Processing by StudentsController#edit as HTML
  Parameters: {"id"=>"7"}
  [1m[36mStudent Load (1.6ms)[0m  [1m[34mSELECT  "students".* FROM "students" WHERE "students"."id" = ? LIMIT ?[0m  [["id", 7], ["LIMIT", 1]]
  Rendering students/edit.html.erb within layouts/application
  [1m[36mInstructor Load (11.4ms)[0m  [1m[34mSELECT "instructors".* FROM "instructors"[0m
  Rendered students/_form.html.erb (202.3ms)
  Rendered students/edit.html.erb within layouts/application (225.9ms)
Completed 200 OK in 987ms (Views: 704.4ms | ActiveRecord: 37.1ms)


Started PATCH "/students/7" for ::1 at 2020-02-27 19:26:41 -0600
Processing by StudentsController#update as HTML
  Parameters: {"utf8"=>"✓", "authenticity_token"=>"yQK3dmI6+jDqHboK9onf0kZMjBYEv1d/MbFhPW6QJ++/bnIc7w1I0LH9JSXw3FPeBuh7S/LNtX9nLgOm4STC1g==", "student"=>{"name"=>"Vidhi Sharma", "major"=>"SE", "age"=>"25", "instructor_id"=>"2"}, "commit"=>"Update Student", "id"=>"7"}
  [1m[36mStudent Load (0.9ms)[0m  [1m[34mSELECT  "students".* FROM "students" WHERE "students"."id" = ? LIMIT ?[0m  [["id", 7], ["LIMIT", 1]]
No template found for StudentsController#update, rendering head :no_content
Completed 204 No Content in 81ms (ActiveRecord: 0.9ms)


Started GET "/students/7/edit" for ::1 at 2020-02-27 19:27:50 -0600
Processing by StudentsController#edit as HTML
  Parameters: {"id"=>"7"}
  [1m[36mStudent Load (0.8ms)[0m  [1m[34mSELECT  "students".* FROM "students" WHERE "students"."id" = ? LIMIT ?[0m  [["id", 7], ["LIMIT", 1]]
  Rendering students/edit.html.erb within layouts/application
  [1m[36mInstructor Load (1.4ms)[0m  [1m[34mSELECT "instructors".* FROM "instructors"[0m
  Rendered students/_form.html.erb (166.7ms)
  Rendered students/edit.html.erb within layouts/application (172.4ms)
Completed 200 OK in 961ms (Views: 747.4ms | ActiveRecord: 21.8ms)


Started PATCH "/students/7" for ::1 at 2020-02-27 19:27:56 -0600
Processing by StudentsController#update as HTML
  Parameters: {"utf8"=>"✓", "authenticity_token"=>"ZyBiZGadT5C+wiKtTARgj8hCAGGuHX5NqSi8v39LN9oRTKcO66r9cOUivYJKUeyDiOb3PFhvnE3/t94k8P/S4w==", "student"=>{"name"=>"Vidhi Sharma", "major"=>"SE", "age"=>"25", "instructor_id"=>"2"}, "commit"=>"Update Student", "id"=>"7"}
  [1m[36mStudent Load (0.8ms)[0m  [1m[34mSELECT  "students".* FROM "students" WHERE "students"."id" = ? LIMIT ?[0m  [["id", 7], ["LIMIT", 1]]
  [1m[35m (1.5ms)[0m  [1m[36mbegin transaction[0m
  [1m[36mInstructor Load (0.7ms)[0m  [1m[34mSELECT  "instructors".* FROM "instructors" WHERE "instructors"."id" = ? LIMIT ?[0m  [["id", 2], ["LIMIT", 1]]
  [1m[35mSQL (0.7ms)[0m  [1m[33mUPDATE "students" SET "instructor_id" = ?, "updated_at" = ? WHERE "students"."id" = ?[0m  [["instructor_id", 2], ["updated_at", "2020-02-28 01:27:56.521709"], ["id", 7]]
  [1m[35m (4.1ms)[0m  [1m[36mcommit transaction[0m
Redirected to http://localhost:3000/students/7
Completed 302 Found in 164ms (ActiveRecord: 7.7ms)


Started GET "/students/7" for ::1 at 2020-02-27 19:27:56 -0600
Processing by StudentsController#show as HTML
  Parameters: {"id"=>"7"}
  [1m[36mStudent Load (0.5ms)[0m  [1m[34mSELECT  "students".* FROM "students" WHERE "students"."id" = ? LIMIT ?[0m  [["id", 7], ["LIMIT", 1]]
  Rendering students/show.html.erb within layouts/application
  [1m[36mInstructor Load (0.5ms)[0m  [1m[34mSELECT  "instructors".* FROM "instructors" WHERE "instructors"."id" = ? LIMIT ?[0m  [["id", 2], ["LIMIT", 1]]
  Rendered students/show.html.erb within layouts/application (38.4ms)
Completed 200 OK in 546ms (Views: 507.2ms | ActiveRecord: 1.0ms)


Started GET "/students/7/edit" for ::1 at 2020-02-27 19:28:04 -0600
Processing by StudentsController#edit as HTML
  Parameters: {"id"=>"7"}
  [1m[36mStudent Load (1.0ms)[0m  [1m[34mSELECT  "students".* FROM "students" WHERE "students"."id" = ? LIMIT ?[0m  [["id", 7], ["LIMIT", 1]]
  Rendering students/edit.html.erb within layouts/application
  [1m[36mInstructor Load (0.8ms)[0m  [1m[34mSELECT "instructors".* FROM "instructors"[0m
  Rendered students/_form.html.erb (102.9ms)
  Rendered students/edit.html.erb within layouts/application (115.8ms)
Completed 200 OK in 615ms (Views: 574.2ms | ActiveRecord: 1.8ms)


Started PATCH "/students/7" for ::1 at 2020-02-27 19:28:10 -0600
Processing by StudentsController#update as HTML
  Parameters: {"utf8"=>"✓", "authenticity_token"=>"jVrpPQBY+6D57xwS6x4Url8B8h2VBXz+CDOVcr1POzD7NixXjW9JQKIPgz3tS5iiH6UFQGN3nv5erPfpMvveCQ==", "student"=>{"name"=>"Vidhi Sharma", "major"=>"SE", "age"=>"15", "instructor_id"=>"2"}, "commit"=>"Update Student", "id"=>"7"}
  [1m[36mStudent Load (0.7ms)[0m  [1m[34mSELECT  "students".* FROM "students" WHERE "students"."id" = ? LIMIT ?[0m  [["id", 7], ["LIMIT", 1]]
  [1m[35m (0.4ms)[0m  [1m[36mbegin transaction[0m
  [1m[36mInstructor Load (0.6ms)[0m  [1m[34mSELECT  "instructors".* FROM "instructors" WHERE "instructors"."id" = ? LIMIT ?[0m  [["id", 2], ["LIMIT", 1]]
  [1m[35m (0.5ms)[0m  [1m[31mrollback transaction[0m
Redirected to http://localhost:3000/students/7/edit
Completed 302 Found in 104ms (ActiveRecord: 2.2ms)


Started GET "/students/7/edit" for ::1 at 2020-02-27 19:28:10 -0600
Processing by StudentsController#edit as HTML
  Parameters: {"id"=>"7"}
  [1m[36mStudent Load (0.8ms)[0m  [1m[34mSELECT  "students".* FROM "students" WHERE "students"."id" = ? LIMIT ?[0m  [["id", 7], ["LIMIT", 1]]
  Rendering students/edit.html.erb within layouts/application
  [1m[36mInstructor Load (0.8ms)[0m  [1m[34mSELECT "instructors".* FROM "instructors"[0m
  Rendered students/_form.html.erb (117.5ms)
  Rendered students/edit.html.erb within layouts/application (137.8ms)
Completed 200 OK in 624ms (Views: 578.9ms | ActiveRecord: 1.6ms)


Started GET "/students/7" for ::1 at 2020-02-27 19:30:00 -0600
Processing by StudentsController#show as HTML
  Parameters: {"id"=>"7"}
  [1m[36mStudent Load (1.0ms)[0m  [1m[34mSELECT  "students".* FROM "students" WHERE "students"."id" = ? LIMIT ?[0m  [["id", 7], ["LIMIT", 1]]
  Rendering students/show.html.erb within layouts/application
  [1m[36mInstructor Load (0.8ms)[0m  [1m[34mSELECT  "instructors".* FROM "instructors" WHERE "instructors"."id" = ? LIMIT ?[0m  [["id", 2], ["LIMIT", 1]]
  Rendered students/show.html.erb within layouts/application (169.6ms)
Completed 200 OK in 817ms (Views: 659.3ms | ActiveRecord: 9.8ms)


Started DELETE "/students/7" for ::1 at 2020-02-27 19:30:04 -0600
Processing by StudentsController#destroy as HTML
  Parameters: {"utf8"=>"✓", "authenticity_token"=>"xDc0GGed/XEqF6eYfOf7dvrh/AMRRshea+Ogj8jmxyiyW/Fy6qpPkXH3OLd6snd6ukULXuc0Kl49fMIUR1IiEQ==", "commit"=>"delete student", "id"=>"7"}
  [1m[36mStudent Load (0.6ms)[0m  [1m[34mSELECT  "students".* FROM "students" WHERE "students"."id" = ? LIMIT ?[0m  [["id", 7], ["LIMIT", 1]]
  [1m[35m (0.4ms)[0m  [1m[36mbegin transaction[0m
  [1m[35mSQL (0.7ms)[0m  [1m[31mDELETE FROM "students" WHERE "students"."id" = ?[0m  [["id", 7]]
  [1m[35m (2.4ms)[0m  [1m[36mcommit transaction[0m
Redirected to http://localhost:3000/students
Completed 302 Found in 66ms (ActiveRecord: 4.2ms)


Started GET "/students" for ::1 at 2020-02-27 19:30:04 -0600
Processing by StudentsController#index as HTML
  Rendering students/index.html.erb within layouts/application
  [1m[36mStudent Load (1.2ms)[0m  [1m[34mSELECT "students".* FROM "students"[0m
  Rendered students/index.html.erb within layouts/application (33.4ms)
Completed 200 OK in 528ms (Views: 496.4ms | ActiveRecord: 1.2ms)


Started GET "/students/1" for ::1 at 2020-02-27 19:31:45 -0600
Processing by StudentsController#show as HTML
  Parameters: {"id"=>"1"}
  [1m[36mStudent Load (2.5ms)[0m  [1m[34mSELECT  "students".* FROM "students" WHERE "students"."id" = ? LIMIT ?[0m  [["id", 1], ["LIMIT", 1]]
  Rendering students/show.html.erb within layouts/application
  [1m[36mInstructor Load (0.7ms)[0m  [1m[34mSELECT  "instructors".* FROM "instructors" WHERE "instructors"."id" = ? LIMIT ?[0m  [["id", 1], ["LIMIT", 1]]
  Rendered students/show.html.erb within layouts/application (72.8ms)
Completed 200 OK in 547ms (Views: 500.5ms | ActiveRecord: 3.1ms)


Started GET "/instructors/1" for ::1 at 2020-02-27 19:31:46 -0600
Processing by InstructorsController#show as HTML
  Parameters: {"id"=>"1"}
  [1m[36mInstructor Load (0.6ms)[0m  [1m[34mSELECT  "instructors".* FROM "instructors" WHERE "instructors"."id" = ? LIMIT ?[0m  [["id", 1], ["LIMIT", 1]]
  Rendering instructors/show.html.erb within layouts/application
  [1m[36mStudent Load (0.7ms)[0m  [1m[34mSELECT "students".* FROM "students" WHERE "students"."instructor_id" = ?[0m  [["instructor_id", 1]]
  Rendered instructors/show.html.erb within layouts/application (86.7ms)
Completed 200 OK in 499ms (Views: 467.0ms | ActiveRecord: 1.3ms)


Started GET "/instructors/1" for ::1 at 2020-02-27 19:31:55 -0600
Processing by InstructorsController#show as HTML
  Parameters: {"id"=>"1"}
  [1m[36mInstructor Load (0.8ms)[0m  [1m[34mSELECT  "instructors".* FROM "instructors" WHERE "instructors"."id" = ? LIMIT ?[0m  [["id", 1], ["LIMIT", 1]]
  Rendering instructors/show.html.erb within layouts/application
  [1m[36mStudent Load (0.6ms)[0m  [1m[34mSELECT "students".* FROM "students" WHERE "students"."instructor_id" = ?[0m  [["instructor_id", 1]]
  Rendered instructors/show.html.erb within layouts/application (68.9ms)
Completed 200 OK in 614ms (Views: 565.1ms | ActiveRecord: 1.4ms)


Started GET "/instructors/1" for ::1 at 2020-02-27 19:32:43 -0600
Processing by InstructorsController#show as HTML
  Parameters: {"id"=>"1"}
  [1m[36mInstructor Load (1.2ms)[0m  [1m[34mSELECT  "instructors".* FROM "instructors" WHERE "instructors"."id" = ? LIMIT ?[0m  [["id", 1], ["LIMIT", 1]]
  Rendering instructors/show.html.erb within layouts/application
  [1m[36mStudent Load (0.4ms)[0m  [1m[34mSELECT "students".* FROM "students" WHERE "students"."instructor_id" = ?[0m  [["instructor_id", 1]]
  Rendered instructors/show.html.erb within layouts/application (53.1ms)
Completed 200 OK in 572ms (Views: 542.0ms | ActiveRecord: 1.7ms)


Started GET "/students/4" for ::1 at 2020-02-27 19:32:46 -0600
Processing by StudentsController#show as HTML
  Parameters: {"id"=>"4"}
  [1m[36mStudent Load (0.8ms)[0m  [1m[34mSELECT  "students".* FROM "students" WHERE "students"."id" = ? LIMIT ?[0m  [["id", 4], ["LIMIT", 1]]
  Rendering students/show.html.erb within layouts/application
  [1m[36mInstructor Load (1.3ms)[0m  [1m[34mSELECT  "instructors".* FROM "instructors" WHERE "instructors"."id" = ? LIMIT ?[0m  [["id", 1], ["LIMIT", 1]]
  Rendered students/show.html.erb within layouts/application (57.5ms)
Completed 200 OK in 471ms (Views: 441.9ms | ActiveRecord: 2.1ms)


Started GET "/instructors/1" for ::1 at 2020-02-27 19:32:47 -0600
Processing by InstructorsController#show as HTML
  Parameters: {"id"=>"1"}
  [1m[36mInstructor Load (0.5ms)[0m  [1m[34mSELECT  "instructors".* FROM "instructors" WHERE "instructors"."id" = ? LIMIT ?[0m  [["id", 1], ["LIMIT", 1]]
  Rendering instructors/show.html.erb within layouts/application
  [1m[36mStudent Load (0.9ms)[0m  [1m[34mSELECT "students".* FROM "students" WHERE "students"."instructor_id" = ?[0m  [["instructor_id", 1]]
  Rendered instructors/show.html.erb within layouts/application (84.0ms)
Completed 200 OK in 577ms (Views: 541.1ms | ActiveRecord: 1.3ms)


Started GET "/instructors/1" for ::1 at 2020-02-27 19:33:30 -0600
Processing by InstructorsController#show as HTML
  Parameters: {"id"=>"1"}
  [1m[36mInstructor Load (0.9ms)[0m  [1m[34mSELECT  "instructors".* FROM "instructors" WHERE "instructors"."id" = ? LIMIT ?[0m  [["id", 1], ["LIMIT", 1]]
  Rendering instructors/show.html.erb within layouts/application
  [1m[36mStudent Load (0.7ms)[0m  [1m[34mSELECT "students".* FROM "students" WHERE "students"."instructor_id" = ?[0m  [["instructor_id", 1]]
  Rendered instructors/show.html.erb within layouts/application (62.9ms)
Completed 200 OK in 563ms (Views: 530.0ms | ActiveRecord: 1.6ms)


Started GET "/instructors/1/edit" for ::1 at 2020-02-27 19:33:33 -0600
Processing by InstructorsController#edit as HTML
  Parameters: {"id"=>"1"}
  [1m[36mInstructor Load (0.5ms)[0m  [1m[34mSELECT  "instructors".* FROM "instructors" WHERE "instructors"."id" = ? LIMIT ?[0m  [["id", 1], ["LIMIT", 1]]
  Rendering instructors/edit.html.erb within layouts/application
  Rendered instructors/_form.html.erb (43.7ms)
  Rendered instructors/edit.html.erb within layouts/application (49.7ms)
Completed 200 OK in 479ms (Views: 450.8ms | ActiveRecord: 0.5ms)


Started GET "/instructors" for ::1 at 2020-02-27 19:34:42 -0600
Processing by InstructorsController#index as HTML
  Rendering instructors/index.html.erb within layouts/application
  [1m[36mInstructor Load (0.8ms)[0m  [1m[34mSELECT "instructors".* FROM "instructors"[0m
  Rendered instructors/index.html.erb within layouts/application (29.8ms)
Completed 200 OK in 544ms (Views: 498.3ms | ActiveRecord: 0.8ms)


Started GET "/instructors/new" for ::1 at 2020-02-27 19:34:45 -0600
Processing by InstructorsController#new as HTML
  Rendering instructors/new.html.erb within layouts/application
  Rendered instructors/_form.html.erb (45.4ms)
  Rendered instructors/new.html.erb within layouts/application (52.6ms)
Completed 200 OK in 493ms (Views: 461.0ms | ActiveRecord: 0.0ms)


Started GET "/instructors/4" for ::1 at 2020-02-27 19:34:49 -0600
Processing by InstructorsController#show as HTML
  Parameters: {"id"=>"4"}
  [1m[36mInstructor Load (3.9ms)[0m  [1m[34mSELECT  "instructors".* FROM "instructors" WHERE "instructors"."id" = ? LIMIT ?[0m  [["id", 4], ["LIMIT", 1]]
  Rendering instructors/show.html.erb within layouts/application
  [1m[36mStudent Load (0.5ms)[0m  [1m[34mSELECT "students".* FROM "students" WHERE "students"."instructor_id" = ?[0m  [["instructor_id", 4]]
  Rendered instructors/show.html.erb within layouts/application (55.2ms)
Completed 200 OK in 485ms (Views: 431.2ms | ActiveRecord: 4.4ms)


Started GET "/instructors/2" for ::1 at 2020-02-27 19:34:54 -0600
Processing by InstructorsController#show as HTML
  Parameters: {"id"=>"2"}
  [1m[36mInstructor Load (1.9ms)[0m  [1m[34mSELECT  "instructors".* FROM "instructors" WHERE "instructors"."id" = ? LIMIT ?[0m  [["id", 2], ["LIMIT", 1]]
  Rendering instructors/show.html.erb within layouts/application
  [1m[36mStudent Load (0.4ms)[0m  [1m[34mSELECT "students".* FROM "students" WHERE "students"."instructor_id" = ?[0m  [["instructor_id", 2]]
  Rendered instructors/show.html.erb within layouts/application (123.5ms)
Completed 200 OK in 531ms (Views: 487.0ms | ActiveRecord: 2.4ms)


Started GET "/students/2" for ::1 at 2020-02-27 19:34:56 -0600
Processing by StudentsController#show as HTML
  Parameters: {"id"=>"2"}
  [1m[36mStudent Load (0.5ms)[0m  [1m[34mSELECT  "students".* FROM "students" WHERE "students"."id" = ? LIMIT ?[0m  [["id", 2], ["LIMIT", 1]]
  Rendering students/show.html.erb within layouts/application
  [1m[36mInstructor Load (0.5ms)[0m  [1m[34mSELECT  "instructors".* FROM "instructors" WHERE "instructors"."id" = ? LIMIT ?[0m  [["id", 2], ["LIMIT", 1]]
  Rendered students/show.html.erb within layouts/application (53.5ms)
Completed 200 OK in 488ms (Views: 451.3ms | ActiveRecord: 1.0ms)


Started GET "/students/2/edit" for ::1 at 2020-02-27 19:34:58 -0600
Processing by StudentsController#edit as HTML
  Parameters: {"id"=>"2"}
  [1m[36mStudent Load (0.8ms)[0m  [1m[34mSELECT  "students".* FROM "students" WHERE "students"."id" = ? LIMIT ?[0m  [["id", 2], ["LIMIT", 1]]
  Rendering students/edit.html.erb within layouts/application
  [1m[36mInstructor Load (0.6ms)[0m  [1m[34mSELECT "instructors".* FROM "instructors"[0m
  Rendered students/_form.html.erb (88.3ms)
  Rendered students/edit.html.erb within layouts/application (109.0ms)
Completed 200 OK in 477ms (Views: 442.9ms | ActiveRecord: 1.4ms)


Started GET "/instructors/2/edit" for ::1 at 2020-02-27 19:35:04 -0600
Processing by InstructorsController#edit as HTML
  Parameters: {"id"=>"2"}
  [1m[36mInstructor Load (0.5ms)[0m  [1m[34mSELECT  "instructors".* FROM "instructors" WHERE "instructors"."id" = ? LIMIT ?[0m  [["id", 2], ["LIMIT", 1]]
  Rendering instructors/edit.html.erb within layouts/application
  Rendered instructors/_form.html.erb (34.1ms)
  Rendered instructors/edit.html.erb within layouts/application (41.0ms)
Completed 200 OK in 434ms (Views: 401.7ms | ActiveRecord: 0.5ms)


Started GET "/instructors" for ::1 at 2020-02-27 19:35:07 -0600
Processing by InstructorsController#index as HTML
  Rendering instructors/index.html.erb within layouts/application
  [1m[36mInstructor Load (2.2ms)[0m  [1m[34mSELECT "instructors".* FROM "instructors"[0m
  Rendered instructors/index.html.erb within layouts/application (27.2ms)
Completed 200 OK in 404ms (Views: 385.5ms | ActiveRecord: 2.2ms)


Started GET "/students" for ::1 at 2020-02-27 19:35:11 -0600
Processing by StudentsController#index as HTML
  Rendering students/index.html.erb within layouts/application
  [1m[36mStudent Load (0.7ms)[0m  [1m[34mSELECT "students".* FROM "students"[0m
  Rendered students/index.html.erb within layouts/application (28.2ms)
Completed 200 OK in 533ms (Views: 506.4ms | ActiveRecord: 0.7ms)


Started GET "/students/new" for ::1 at 2020-02-27 19:35:14 -0600
Processing by StudentsController#new as HTML
  Rendering students/new.html.erb within layouts/application
  [1m[36mInstructor Load (0.6ms)[0m  [1m[34mSELECT "instructors".* FROM "instructors"[0m
  Rendered students/_form.html.erb (91.2ms)
  Rendered students/new.html.erb within layouts/application (112.4ms)
Completed 200 OK in 500ms (Views: 470.2ms | ActiveRecord: 0.6ms)


