Started GET "/" for ::1 at 2020-02-24 10:21:35 -0600
  [1m[35m (7.2ms)[0m  [1m[34mSELECT sqlite_version(*)[0m
Processing by Rails::WelcomeController#index as HTML
  Rendering /Users/vidhi.sharma/.rvm/gems/ruby-2.6.1/gems/railties-6.0.2.1/lib/rails/templates/rails/welcome/index.html.erb
  Rendered /Users/vidhi.sharma/.rvm/gems/ruby-2.6.1/gems/railties-6.0.2.1/lib/rails/templates/rails/welcome/index.html.erb (Duration: 30.6ms | Allocations: 482)
Completed 200 OK in 49ms (Views: 40.0ms | ActiveRecord: 0.0ms | Allocations: 2746)


Started GET "/" for ::1 at 2020-02-24 10:22:16 -0600
  [1m[35m (1.4ms)[0m  [1m[34mSELECT sqlite_version(*)[0m
Processing by Rails::WelcomeController#index as HTML
  Rendering /Users/vidhi.sharma/.rvm/gems/ruby-2.6.1/gems/railties-6.0.2.1/lib/rails/templates/rails/welcome/index.html.erb
  Rendered /Users/vidhi.sharma/.rvm/gems/ruby-2.6.1/gems/railties-6.0.2.1/lib/rails/templates/rails/welcome/index.html.erb (Duration: 15.6ms | Allocations: 317)
Completed 200 OK in 24ms (Views: 20.6ms | ActiveRecord: 0.0ms | Allocations: 1609)


  [1m[35m (2.3ms)[0m  [1m[34mSELECT sqlite_version(*)[0m
  [1m[35m (3.2ms)[0m  [1m[35mCREATE TABLE "schema_migrations" ("version" varchar NOT NULL PRIMARY KEY)[0m
  [1m[35m (1.2ms)[0m  [1m[35mCREATE TABLE "ar_internal_metadata" ("key" varchar NOT NULL PRIMARY KEY, "value" varchar, "created_at" datetime(6) NOT NULL, "updated_at" datetime(6) NOT NULL)[0m
  [1m[35m (0.2ms)[0m  [1m[34mSELECT "schema_migrations"."version" FROM "schema_migrations" ORDER BY "schema_migrations"."version" ASC[0m
Migrating to CreateMovies (20200224163534)
  [1m[35m (0.1ms)[0m  [1m[36mbegin transaction[0m
  [1m[35m (0.5ms)[0m  [1m[35mCREATE TABLE "movies" ("id" integer PRIMARY KEY AUTOINCREMENT NOT NULL, "title" varchar, "year" integer, "created_at" datetime(6) NOT NULL, "updated_at" datetime(6) NOT NULL)[0m
  [1m[36mprimary::SchemaMigration Create (0.2ms)[0m  [1m[32mINSERT INTO "schema_migrations" ("version") VALUES (?)[0m  [["version", "20200224163534"]]
  [1m[35m (1.0ms)[0m  [1m[36mcommit transaction[0m
  [1m[36mActiveRecord::InternalMetadata Load (0.2ms)[0m  [1m[34mSELECT "ar_internal_metadata".* FROM "ar_internal_metadata" WHERE "ar_internal_metadata"."key" = ? LIMIT ?[0m  [["key", "environment"], ["LIMIT", 1]]
  [1m[35m (0.0ms)[0m  [1m[36mbegin transaction[0m
  [1m[36mActiveRecord::InternalMetadata Create (0.5ms)[0m  [1m[32mINSERT INTO "ar_internal_metadata" ("key", "value", "created_at", "updated_at") VALUES (?, ?, ?, ?)[0m  [["key", "environment"], ["value", "development"], ["created_at", "2020-02-24 16:37:05.224298"], ["updated_at", "2020-02-24 16:37:05.224298"]]
  [1m[35m (1.0ms)[0m  [1m[36mcommit transaction[0m
  [1m[35m (0.1ms)[0m  [1m[34mSELECT sqlite_version(*)[0m
  [1m[35m (0.1ms)[0m  [1m[34mSELECT "schema_migrations"."version" FROM "schema_migrations" ORDER BY "schema_migrations"."version" ASC[0m
  [1m[35m (1.0ms)[0m  [1m[34mSELECT sqlite_version(*)[0m
  [1m[35m (0.1ms)[0m  [1m[34mSELECT "schema_migrations"."version" FROM "schema_migrations" ORDER BY "schema_migrations"."version" ASC[0m
  [1m[35m (0.1ms)[0m  [1m[34mSELECT sqlite_version(*)[0m
  [1m[35m (0.1ms)[0m  [1m[36mbegin transaction[0m
  [1m[36mMovie Create (0.5ms)[0m  [1m[32mINSERT INTO "movies" ("title", "year", "created_at", "updated_at") VALUES (?, ?, ?, ?)[0m  [["title", "Star wars"], ["year", 2020], ["created_at", "2020-02-24 16:41:52.774227"], ["updated_at", "2020-02-24 16:41:52.774227"]]
  [1m[35m (0.9ms)[0m  [1m[36mcommit transaction[0m
  [1m[35m (0.0ms)[0m  [1m[36mbegin transaction[0m
  [1m[36mMovie Create (0.3ms)[0m  [1m[32mINSERT INTO "movies" ("title", "year", "created_at", "updated_at") VALUES (?, ?, ?, ?)[0m  [["title", "Bad boys-2"], ["year", 2003], ["created_at", "2020-02-24 16:41:52.779383"], ["updated_at", "2020-02-24 16:41:52.779383"]]
  [1m[35m (0.6ms)[0m  [1m[36mcommit transaction[0m
  [1m[35m (0.0ms)[0m  [1m[36mbegin transaction[0m
  [1m[36mMovie Create (0.3ms)[0m  [1m[32mINSERT INTO "movies" ("title", "year", "created_at", "updated_at") VALUES (?, ?, ?, ?)[0m  [["title", "Alita"], ["year", 2019], ["created_at", "2020-02-24 16:41:52.782918"], ["updated_at", "2020-02-24 16:41:52.782918"]]
  [1m[35m (0.9ms)[0m  [1m[36mcommit transaction[0m
  [1m[35m (0.0ms)[0m  [1m[36mbegin transaction[0m
  [1m[36mMovie Create (0.3ms)[0m  [1m[32mINSERT INTO "movies" ("title", "year", "created_at", "updated_at") VALUES (?, ?, ?, ?)[0m  [["title", "Cat woman"], ["year", 2004], ["created_at", "2020-02-24 16:41:52.786828"], ["updated_at", "2020-02-24 16:41:52.786828"]]
  [1m[35m (0.8ms)[0m  [1m[36mcommit transaction[0m
  [1m[35m (0.6ms)[0m  [1m[34mSELECT sqlite_version(*)[0m
  [1m[36mMovie Load (0.8ms)[0m  [1m[34mSELECT "movies".* FROM "movies" LIMIT ?[0m  [["LIMIT", 11]]
  [1m[35m (0.1ms)[0m  [1m[36mbegin transaction[0m
  [1m[36mMovie Create (0.4ms)[0m  [1m[32mINSERT INTO "movies" ("title", "year", "created_at", "updated_at") VALUES (?, ?, ?, ?)[0m  [["title", "Star wars"], ["year", 2020], ["created_at", "2020-02-24 16:42:55.523197"], ["updated_at", "2020-02-24 16:42:55.523197"]]
  [1m[35m (2.8ms)[0m  [1m[36mcommit transaction[0m
  [1m[35m (0.0ms)[0m  [1m[36mbegin transaction[0m
  [1m[36mMovie Create (0.4ms)[0m  [1m[32mINSERT INTO "movies" ("title", "year", "created_at", "updated_at") VALUES (?, ?, ?, ?)[0m  [["title", "Bad boys-2"], ["year", 2003], ["created_at", "2020-02-24 16:42:55.530390"], ["updated_at", "2020-02-24 16:42:55.530390"]]
  [1m[35m (0.8ms)[0m  [1m[36mcommit transaction[0m
  [1m[35m (0.1ms)[0m  [1m[36mbegin transaction[0m
  [1m[36mMovie Create (0.4ms)[0m  [1m[32mINSERT INTO "movies" ("title", "year", "created_at", "updated_at") VALUES (?, ?, ?, ?)[0m  [["title", "Alita"], ["year", 2019], ["created_at", "2020-02-24 16:42:55.533458"], ["updated_at", "2020-02-24 16:42:55.533458"]]
  [1m[35m (0.8ms)[0m  [1m[36mcommit transaction[0m
  [1m[36mMovie Load (0.4ms)[0m  [1m[34mSELECT "movies".* FROM "movies" LIMIT ?[0m  [["LIMIT", 11]]
  [1m[36mMovie Load (0.5ms)[0m  [1m[34mSELECT "movies".* FROM "movies"[0m
Started GET "/movies" for ::1 at 2020-02-24 11:00:33 -0600
  [1m[35m (2.7ms)[0m  [1m[34mSELECT sqlite_version(*)[0m
  [1m[35m (0.4ms)[0m  [1m[34mSELECT "schema_migrations"."version" FROM "schema_migrations" ORDER BY "schema_migrations"."version" ASC[0m
Processing by MoviesController#index as HTML
  [1m[36mMovie Load (0.3ms)[0m  [1m[34mSELECT "movies".* FROM "movies" LIMIT ?[0m  [["LIMIT", 11]]
  ↳ app/controllers/movies_controller.rb:5:in `index'
Completed 500 Internal Server Error in 48532ms (ActiveRecord: 1.7ms | Allocations: 68699)


  
SystemExit (exit):
  
(byebug):1:in `exit'
(byebug):1:in `index'
app/controllers/movies_controller.rb:5:in `index'
Started GET "/movies" for ::1 at 2020-02-24 11:01:29 -0600
Processing by MoviesController#index as HTML
Completed 406 Not Acceptable in 26016ms (ActiveRecord: 0.0ms | Allocations: 62780)


  
ActionController::MissingExactTemplate (MoviesController#index is missing a template for request formats: text/html):
  
actionpack (6.0.2.1) lib/action_controller/metal/implicit_render.rb:45:in `default_render'
actionpack (6.0.2.1) lib/action_controller/metal/basic_implicit_render.rb:6:in `block in send_action'
actionpack (6.0.2.1) lib/action_controller/metal/basic_implicit_render.rb:6:in `tap'
actionpack (6.0.2.1) lib/action_controller/metal/basic_implicit_render.rb:6:in `send_action'
actionpack (6.0.2.1) lib/abstract_controller/base.rb:196:in `process_action'
actionpack (6.0.2.1) lib/action_controller/metal/rendering.rb:30:in `process_action'
actionpack (6.0.2.1) lib/abstract_controller/callbacks.rb:42:in `block in process_action'
activesupport (6.0.2.1) lib/active_support/callbacks.rb:135:in `run_callbacks'
actionpack (6.0.2.1) lib/abstract_controller/callbacks.rb:41:in `process_action'
actionpack (6.0.2.1) lib/action_controller/metal/rescue.rb:22:in `process_action'
actionpack (6.0.2.1) lib/action_controller/metal/instrumentation.rb:33:in `block in process_action'
activesupport (6.0.2.1) lib/active_support/notifications.rb:180:in `block in instrument'
activesupport (6.0.2.1) lib/active_support/notifications/instrumenter.rb:24:in `instrument'
activesupport (6.0.2.1) lib/active_support/notifications.rb:180:in `instrument'
actionpack (6.0.2.1) lib/action_controller/metal/instrumentation.rb:32:in `process_action'
actionpack (6.0.2.1) lib/action_controller/metal/params_wrapper.rb:245:in `process_action'
activerecord (6.0.2.1) lib/active_record/railties/controller_runtime.rb:27:in `process_action'
actionpack (6.0.2.1) lib/abstract_controller/base.rb:136:in `process'
actionview (6.0.2.1) lib/action_view/rendering.rb:39:in `process'
actionpack (6.0.2.1) lib/action_controller/metal.rb:191:in `dispatch'
actionpack (6.0.2.1) lib/action_controller/metal.rb:252:in `dispatch'
actionpack (6.0.2.1) lib/action_dispatch/routing/route_set.rb:51:in `dispatch'
actionpack (6.0.2.1) lib/action_dispatch/routing/route_set.rb:33:in `serve'
actionpack (6.0.2.1) lib/action_dispatch/journey/router.rb:49:in `block in serve'
actionpack (6.0.2.1) lib/action_dispatch/journey/router.rb:32:in `each'
actionpack (6.0.2.1) lib/action_dispatch/journey/router.rb:32:in `serve'
actionpack (6.0.2.1) lib/action_dispatch/routing/route_set.rb:837:in `call'
rack (2.2.2) lib/rack/tempfile_reaper.rb:15:in `call'
rack (2.2.2) lib/rack/etag.rb:27:in `call'
rack (2.2.2) lib/rack/conditional_get.rb:27:in `call'
rack (2.2.2) lib/rack/head.rb:12:in `call'
actionpack (6.0.2.1) lib/action_dispatch/http/content_security_policy.rb:18:in `call'
rack (2.2.2) lib/rack/session/abstract/id.rb:266:in `context'
rack (2.2.2) lib/rack/session/abstract/id.rb:260:in `call'
actionpack (6.0.2.1) lib/action_dispatch/middleware/cookies.rb:648:in `call'
activerecord (6.0.2.1) lib/active_record/migration.rb:567:in `call'
actionpack (6.0.2.1) lib/action_dispatch/middleware/callbacks.rb:27:in `block in call'
activesupport (6.0.2.1) lib/active_support/callbacks.rb:101:in `run_callbacks'
actionpack (6.0.2.1) lib/action_dispatch/middleware/callbacks.rb:26:in `call'
actionpack (6.0.2.1) lib/action_dispatch/middleware/executor.rb:14:in `call'
actionpack (6.0.2.1) lib/action_dispatch/middleware/actionable_exceptions.rb:17:in `call'
actionpack (6.0.2.1) lib/action_dispatch/middleware/debug_exceptions.rb:32:in `call'
web-console (4.0.1) lib/web_console/middleware.rb:132:in `call_app'
web-console (4.0.1) lib/web_console/middleware.rb:28:in `block in call'
web-console (4.0.1) lib/web_console/middleware.rb:17:in `catch'
web-console (4.0.1) lib/web_console/middleware.rb:17:in `call'
actionpack (6.0.2.1) lib/action_dispatch/middleware/show_exceptions.rb:33:in `call'
railties (6.0.2.1) lib/rails/rack/logger.rb:38:in `call_app'
railties (6.0.2.1) lib/rails/rack/logger.rb:26:in `block in call'
activesupport (6.0.2.1) lib/active_support/tagged_logging.rb:80:in `block in tagged'
activesupport (6.0.2.1) lib/active_support/tagged_logging.rb:28:in `tagged'
activesupport (6.0.2.1) lib/active_support/tagged_logging.rb:80:in `tagged'
railties (6.0.2.1) lib/rails/rack/logger.rb:26:in `call'
sprockets-rails (3.2.1) lib/sprockets/rails/quiet_assets.rb:13:in `call'
actionpack (6.0.2.1) lib/action_dispatch/middleware/remote_ip.rb:81:in `call'
actionpack (6.0.2.1) lib/action_dispatch/middleware/request_id.rb:27:in `call'
rack (2.2.2) lib/rack/method_override.rb:24:in `call'
rack (2.2.2) lib/rack/runtime.rb:22:in `call'
activesupport (6.0.2.1) lib/active_support/cache/strategy/local_cache_middleware.rb:29:in `call'
actionpack (6.0.2.1) lib/action_dispatch/middleware/executor.rb:14:in `call'
actionpack (6.0.2.1) lib/action_dispatch/middleware/static.rb:126:in `call'
rack (2.2.2) lib/rack/sendfile.rb:110:in `call'
actionpack (6.0.2.1) lib/action_dispatch/middleware/host_authorization.rb:83:in `call'
railties (6.0.2.1) lib/rails/engine.rb:526:in `call'
puma (4.3.1) lib/puma/configuration.rb:228:in `call'
puma (4.3.1) lib/puma/server.rb:681:in `handle_request'
puma (4.3.1) lib/puma/server.rb:472:in `process_client'
puma (4.3.1) lib/puma/server.rb:328:in `block in run'
puma (4.3.1) lib/puma/thread_pool.rb:134:in `block in spawn_thread'
Started GET "/movies" for ::1 at 2020-02-24 11:18:34 -0600
  [1m[35m (1.3ms)[0m  [1m[34mSELECT sqlite_version(*)[0m
  [1m[35m (1.4ms)[0m  [1m[34mSELECT "schema_migrations"."version" FROM "schema_migrations" ORDER BY "schema_migrations"."version" ASC[0m
Processing by MoviesController#index as HTML
  Rendering movies/index.html.erb within layouts/application
  Rendered movies/index.html.erb within layouts/application (Duration: 1.3ms | Allocations: 207)
Completed 200 OK in 93ms (Views: 89.5ms | ActiveRecord: 0.0ms | Allocations: 16052)


Started GET "/movies" for ::1 at 2020-02-24 11:22:40 -0600
  [1m[35m (0.1ms)[0m  [1m[34mSELECT sqlite_version(*)[0m
Processing by MoviesController#index as HTML
  Rendering movies/index.html.erb within layouts/application
  [1m[36mMovie Load (1.1ms)[0m  [1m[34mSELECT "movies".* FROM "movies"[0m
  ↳ app/views/movies/index.html.erb:4
  Rendered movies/index.html.erb within layouts/application (Duration: 12.2ms | Allocations: 4305)
Completed 200 OK in 23ms (Views: 17.6ms | ActiveRecord: 2.4ms | Allocations: 7318)


Started GET "/movies/2" for ::1 at 2020-02-24 11:24:27 -0600
  [1m[35m (0.4ms)[0m  [1m[34mSELECT sqlite_version(*)[0m
Processing by MoviesController#show as HTML
  Parameters: {"id"=>"2"}
  [1m[36mMovie Load (0.2ms)[0m  [1m[34mSELECT "movies".* FROM "movies" WHERE "movies"."id" = ? LIMIT ?[0m  [["id", 2], ["LIMIT", 1]]
  ↳ (byebug):1:in `show'
Completed 500 Internal Server Error in 77591ms (ActiveRecord: 0.9ms | Allocations: 57499)


  
SystemExit (exit):
  
(byebug):1:in `exit'
(byebug):1:in `show'
app/controllers/movies_controller.rb:10:in `show'
Started GET "/movies/2" for ::1 at 2020-02-24 11:28:11 -0600
  [1m[35m (9.0ms)[0m  [1m[34mSELECT sqlite_version(*)[0m
Processing by MoviesController#show as HTML
  Parameters: {"id"=>"2"}
  [1m[36mMovie Load (8.9ms)[0m  [1m[34mSELECT "movies".* FROM "movies" WHERE "movies"."id" = ? LIMIT ?[0m  [["id", 2], ["LIMIT", 1]]
  ↳ app/controllers/movies_controller.rb:10:in `show'
  Rendering movies/show.html.erb within layouts/application
  Rendered movies/show.html.erb within layouts/application (Duration: 3.5ms | Allocations: 37912)
Completed 200 OK in 356ms (Views: 123.3ms | ActiveRecord: 19.2ms | Allocations: 2117129)


Started GET "/movies/2" for ::1 at 2020-02-24 11:28:30 -0600
Processing by MoviesController#show as HTML
  Parameters: {"id"=>"2"}
  [1m[36mMovie Load (1.2ms)[0m  [1m[34mSELECT "movies".* FROM "movies" WHERE "movies"."id" = ? LIMIT ?[0m  [["id", 2], ["LIMIT", 1]]
  ↳ app/controllers/movies_controller.rb:10:in `show'
  Rendering movies/show.html.erb within layouts/application
  Rendered movies/show.html.erb within layouts/application (Duration: 13.9ms | Allocations: 40502)
Completed 200 OK in 250ms (Views: 173.6ms | ActiveRecord: 1.2ms | Allocations: 1121983)


Started GET "/movies/2000" for ::1 at 2020-02-24 11:35:16 -0600
  [1m[35m (5.2ms)[0m  [1m[34mSELECT sqlite_version(*)[0m
Processing by MoviesController#show as HTML
  Parameters: {"id"=>"2000"}
  [1m[36mMovie Load (1.1ms)[0m  [1m[34mSELECT "movies".* FROM "movies" WHERE "movies"."id" = ? LIMIT ?[0m  [["id", 2000], ["LIMIT", 1]]
  ↳ app/controllers/movies_controller.rb:10:in `show'
Completed 404 Not Found in 30ms (ActiveRecord: 1.1ms | Allocations: 284455)


  
ActiveRecord::RecordNotFound (Couldn't find Movie with 'id'=2000):
  
app/controllers/movies_controller.rb:10:in `show'
Started GET "/movies/2000" for ::1 at 2020-02-24 11:38:06 -0600
Processing by MoviesController#show as HTML
  Parameters: {"id"=>"2000"}
  [1m[36mMovie Load (4.9ms)[0m  [1m[34mSELECT "movies".* FROM "movies" WHERE "movies"."id" = ? LIMIT ?[0m  [["id", 2000], ["LIMIT", 1]]
  ↳ app/controllers/movies_controller.rb:10:in `show'
Completed 404 Not Found in 29ms (ActiveRecord: 4.9ms | Allocations: 280954)


  
ActiveRecord::RecordNotFound (Couldn't find Movie with 'id'=2000):
  
app/controllers/movies_controller.rb:10:in `show'
Started PUT "/__web_console/repl_sessions/860a96b09a5059e78400e767e31542cc" for ::1 at 2020-02-24 11:38:13 -0600
Started PUT "/__web_console/repl_sessions/860a96b09a5059e78400e767e31542cc" for ::1 at 2020-02-24 11:38:14 -0600
Started PUT "/__web_console/repl_sessions/860a96b09a5059e78400e767e31542cc" for ::1 at 2020-02-24 11:38:22 -0600
Started PUT "/__web_console/repl_sessions/860a96b09a5059e78400e767e31542cc" for ::1 at 2020-02-24 11:38:27 -0600
  [1m[36mMovie Load (1.1ms)[0m  [1m[34mSELECT "movies".* FROM "movies" WHERE "movies"."id" = ? LIMIT ?[0m  [["id", 2], ["LIMIT", 1]]
  ↳ app/controllers/movies_controller.rb:10:in `show'
Started PUT "/__web_console/repl_sessions/860a96b09a5059e78400e767e31542cc" for ::1 at 2020-02-24 11:38:36 -0600
Started PUT "/__web_console/repl_sessions/860a96b09a5059e78400e767e31542cc" for ::1 at 2020-02-24 11:38:38 -0600
Started PUT "/__web_console/repl_sessions/860a96b09a5059e78400e767e31542cc" for ::1 at 2020-02-24 11:38:38 -0600
  [1m[36mMovie Load (1.3ms)[0m  [1m[34mSELECT "movies".* FROM "movies" LIMIT ?[0m  [["LIMIT", 11]]
Started PUT "/__web_console/repl_sessions/860a96b09a5059e78400e767e31542cc" for ::1 at 2020-02-24 11:38:41 -0600
Started PUT "/__web_console/repl_sessions/860a96b09a5059e78400e767e31542cc" for ::1 at 2020-02-24 11:38:46 -0600
Started PUT "/__web_console/repl_sessions/860a96b09a5059e78400e767e31542cc" for ::1 at 2020-02-24 11:38:47 -0600
Started PUT "/__web_console/repl_sessions/860a96b09a5059e78400e767e31542cc" for ::1 at 2020-02-24 11:38:49 -0600
Started PUT "/__web_console/repl_sessions/860a96b09a5059e78400e767e31542cc" for ::1 at 2020-02-24 11:38:52 -0600
  [1m[36mMovie Load (4.7ms)[0m  [1m[34mSELECT "movies".* FROM "movies"[0m
  ↳ app/controllers/movies_controller.rb:10:in `show'
  [1m[35m (0.7ms)[0m  [1m[36mbegin transaction[0m
  ↳ app/controllers/movies_controller.rb:10:in `show'
  [1m[36mMovie Destroy (12.5ms)[0m  [1m[31mDELETE FROM "movies" WHERE "movies"."id" = ?[0m  [["id", 1]]
  ↳ app/controllers/movies_controller.rb:10:in `show'
  [1m[35m (2.5ms)[0m  [1m[36mcommit transaction[0m
  ↳ app/controllers/movies_controller.rb:10:in `show'
  [1m[35m (0.7ms)[0m  [1m[36mbegin transaction[0m
  ↳ app/controllers/movies_controller.rb:10:in `show'
  [1m[36mMovie Destroy (4.5ms)[0m  [1m[31mDELETE FROM "movies" WHERE "movies"."id" = ?[0m  [["id", 2]]
  ↳ app/controllers/movies_controller.rb:10:in `show'
  [1m[35m (1.4ms)[0m  [1m[36mcommit transaction[0m
  ↳ app/controllers/movies_controller.rb:10:in `show'
  [1m[35m (0.6ms)[0m  [1m[36mbegin transaction[0m
  ↳ app/controllers/movies_controller.rb:10:in `show'
  [1m[36mMovie Destroy (4.2ms)[0m  [1m[31mDELETE FROM "movies" WHERE "movies"."id" = ?[0m  [["id", 3]]
  ↳ app/controllers/movies_controller.rb:10:in `show'
  [1m[35m (1.8ms)[0m  [1m[36mcommit transaction[0m
  ↳ app/controllers/movies_controller.rb:10:in `show'
  [1m[35m (0.6ms)[0m  [1m[36mbegin transaction[0m
  ↳ app/controllers/movies_controller.rb:10:in `show'
  [1m[36mMovie Destroy (4.2ms)[0m  [1m[31mDELETE FROM "movies" WHERE "movies"."id" = ?[0m  [["id", 4]]
  ↳ app/controllers/movies_controller.rb:10:in `show'
  [1m[35m (1.8ms)[0m  [1m[36mcommit transaction[0m
  ↳ app/controllers/movies_controller.rb:10:in `show'
  [1m[35m (0.6ms)[0m  [1m[36mbegin transaction[0m
  ↳ app/controllers/movies_controller.rb:10:in `show'
  [1m[36mMovie Destroy (4.2ms)[0m  [1m[31mDELETE FROM "movies" WHERE "movies"."id" = ?[0m  [["id", 5]]
  ↳ app/controllers/movies_controller.rb:10:in `show'
  [1m[35m (1.8ms)[0m  [1m[36mcommit transaction[0m
  ↳ app/controllers/movies_controller.rb:10:in `show'
  [1m[35m (0.6ms)[0m  [1m[36mbegin transaction[0m
  ↳ app/controllers/movies_controller.rb:10:in `show'
  [1m[36mMovie Destroy (1.1ms)[0m  [1m[31mDELETE FROM "movies" WHERE "movies"."id" = ?[0m  [["id", 6]]
  ↳ app/controllers/movies_controller.rb:10:in `show'
  [1m[35m (2.0ms)[0m  [1m[36mcommit transaction[0m
  ↳ app/controllers/movies_controller.rb:10:in `show'
  [1m[35m (0.5ms)[0m  [1m[36mbegin transaction[0m
  ↳ app/controllers/movies_controller.rb:10:in `show'
  [1m[36mMovie Destroy (1.5ms)[0m  [1m[31mDELETE FROM "movies" WHERE "movies"."id" = ?[0m  [["id", 7]]
  ↳ app/controllers/movies_controller.rb:10:in `show'
  [1m[35m (1.6ms)[0m  [1m[36mcommit transaction[0m
  ↳ app/controllers/movies_controller.rb:10:in `show'
Started PUT "/__web_console/repl_sessions/860a96b09a5059e78400e767e31542cc" for ::1 at 2020-02-24 11:38:56 -0600
  [1m[36mMovie Load (1.0ms)[0m  [1m[34mSELECT "movies".* FROM "movies" LIMIT ?[0m  [["LIMIT", 11]]
Started PUT "/__web_console/repl_sessions/860a96b09a5059e78400e767e31542cc" for ::1 at 2020-02-24 11:39:46 -0600
Started PUT "/__web_console/repl_sessions/860a96b09a5059e78400e767e31542cc" for ::1 at 2020-02-24 11:39:46 -0600
